This file contains any messages produced by compilers while
running configure, to aid debugging if configure makes a mistake.

It was created by isl configure 0.27, which was
generated by GNU Autoconf 2.71.  Invocation command line was

  $ ./configure --with-m4=../m4-1.4 --with-gmp=../gmp-6.3.0 --with-mpfr=../mpfr-4.2.1 --with-mpc=../mpc-1.3.1

## --------- ##
## Platform. ##
## --------- ##

hostname = fv-az742-943
uname -m = x86_64
uname -r = 3.4.10-bc1f6498.x86_64
uname -s = MINGW64_NT-10.0-20348
uname -v = 2024-09-15 15:08 UTC

/usr/bin/uname -p = unknown
/bin/uname -X     = unknown

/bin/arch              = x86_64
/usr/bin/arch -k       = unknown
/usr/convex/getsysinfo = unknown
/usr/bin/hostinfo      = unknown
/bin/machine           = unknown
/usr/bin/oslevel       = unknown
/bin/universe          = unknown

PATH: /mingw64/bin/
PATH: /usr/bin/
PATH: /c/Users/runneradmin/bin/
PATH: /c/Program Files/MongoDB/Server/5.0/bin/
PATH: /c/aliyun-cli/
PATH: /c/vcpkg/
PATH: /c/Program Files (x86)/NSIS/
PATH: /c/tools/zstd/
PATH: /c/Program Files/Mercurial/
PATH: /c/hostedtoolcache/windows/stack/3.1.1/x64/
PATH: /c/cabal/bin/
PATH: /c/ghcup/bin/
PATH: /c/mingw64/bin/
PATH: /c/Program Files/dotnet/
PATH: /c/Program Files/MySQL/MySQL Server 8.0/bin/
PATH: /c/Program Files/R/R-4.4.1/bin/x64/
PATH: /c/SeleniumWebDrivers/GeckoDriver/
PATH: /c/SeleniumWebDrivers/EdgeDriver/
PATH: /c/SeleniumWebDrivers/ChromeDriver/
PATH: /c/Program Files (x86)/sbt/bin/
PATH: /c/Program Files (x86)/GitHub CLI/
PATH: /bin/
PATH: /c/Program Files (x86)/pipx_bin/
PATH: /c/npm/prefix/
PATH: /c/hostedtoolcache/windows/go/1.21.13/x64/bin/
PATH: /c/hostedtoolcache/windows/Python/3.9.13/x64/Scripts/
PATH: /c/hostedtoolcache/windows/Python/3.9.13/x64/
PATH: /c/hostedtoolcache/windows/Ruby/3.0.7/x64/bin/
PATH: /c/Program Files/OpenSSL/bin/
PATH: /c/tools/kotlinc/bin/
PATH: /c/hostedtoolcache/windows/Java_Temurin-Hotspot_jdk/8.0.422-5/x64/bin/
PATH: /c/Program Files/ImageMagick-7.1.1-Q16-HDRI/
PATH: /c/Program Files/Microsoft SDKs/Azure/CLI2/wbin/
PATH: /c/ProgramData/kind/
PATH: /c/ProgramData/Chocolatey/bin/
PATH: /c/Windows/system32/
PATH: /c/Windows/
PATH: /c/Windows/System32/Wbem/
PATH: /c/Windows/System32/WindowsPowerShell/v1.0/
PATH: /c/Windows/System32/OpenSSH/
PATH: /c/Program Files/dotnet/
PATH: /c/Program Files/PowerShell/7/
PATH: /c/Program Files/Microsoft/Web Platform Installer/
PATH: /c/Program Files/TortoiseSVN/bin/
PATH: /c/Program Files/Microsoft SQL Server/Client SDK/ODBC/170/Tools/Binn/
PATH: /c/Program Files/Microsoft SQL Server/150/Tools/Binn/
PATH: /c/Program Files (x86)/Windows Kits/10/Windows Performance Toolkit/
PATH: /c/Program Files (x86)/WiX Toolset v3.14/bin/
PATH: /c/Program Files/Microsoft SQL Server/130/DTS/Binn/
PATH: /c/Program Files/Microsoft SQL Server/140/DTS/Binn/
PATH: /c/Program Files/Microsoft SQL Server/150/DTS/Binn/
PATH: /c/Program Files/Microsoft SQL Server/160/DTS/Binn/
PATH: /c/Strawberry/c/bin/
PATH: /c/Strawberry/perl/site/bin/
PATH: /c/Strawberry/perl/bin/
PATH: /c/ProgramData/chocolatey/lib/pulumi/tools/Pulumi/bin/
PATH: /c/Program Files/CMake/bin/
PATH: /c/ProgramData/chocolatey/lib/maven/apache-maven-3.8.7/bin/
PATH: /c/Program Files/Microsoft Service Fabric/bin/Fabric/Fabric.Code/
PATH: /c/Program Files/Microsoft SDKs/Service Fabric/Tools/ServiceFabricLocalClusterManager/
PATH: /c/Program Files/nodejs/
PATH: /cmd/
PATH: /mingw64/bin/
PATH: /usr/bin/
PATH: /c/Program Files/GitHub CLI/
PATH: /c/tools/php/
PATH: /c/Program Files (x86)/sbt/bin/
PATH: /c/Program Files/Amazon/AWSCLIV2/
PATH: /c/Program Files/Amazon/SessionManagerPlugin/bin/
PATH: /c/Program Files/Amazon/AWSSAMCLI/bin/
PATH: /c/Program Files/Microsoft SQL Server/130/Tools/Binn/
PATH: /c/Program Files/LLVM/bin/
PATH: /c/Users/runneradmin/.dotnet/tools/
PATH: /c/Users/runneradmin/.cargo/bin/
PATH: /c/Users/runneradmin/AppData/Local/Microsoft/WindowsApps/


## ----------- ##
## Core tests. ##
## ----------- ##

configure:3185: looking for aux files: ltmain.sh config.guess config.sub compile missing install-sh
configure:3198:  trying ././
configure:3227:   ././ltmain.sh found
configure:3227:   ././config.guess found
configure:3227:   ././config.sub found
configure:3227:   ././compile found
configure:3227:   ././missing found
configure:3209:   ././install-sh found
configure:3358: checking for a BSD-compatible install
configure:3431: result: /usr/bin/install -c
configure:3442: checking whether build environment is sane
configure:3497: result: yes
configure:3656: checking for a race-free mkdir -p
configure:3700: result: /usr/bin/mkdir -p
configure:3707: checking for gawk
configure:3728: found /usr/bin/gawk
configure:3739: result: gawk
configure:3750: checking whether make sets $(MAKE)
configure:3773: result: yes
configure:3803: checking whether make supports nested variables
configure:3821: result: yes
configure:3969: checking whether make supports nested variables
configure:3987: result: yes
configure:4075: checking for gcc
configure:4096: found /c/mingw64/bin/gcc
configure:4107: result: gcc
configure:4460: checking for C compiler version
configure:4469: gcc --version >&5
gcc.exe (x86_64-posix-seh-rev2, Built by MinGW-W64 project) 12.2.0
Copyright (C) 2022 Free Software Foundation, Inc.
This is free software; see the source for copying conditions.  There is NO
warranty; not even for MERCHANTABILITY or FITNESS FOR A PARTICULAR PURPOSE.

configure:4480: $? = 0
configure:4469: gcc -v >&5
Using built-in specs.
COLLECT_GCC=C:\mingw64\bin\gcc.exe
COLLECT_LTO_WRAPPER=C:/mingw64/bin/../libexec/gcc/x86_64-w64-mingw32/12.2.0/lto-wrapper.exe
Target: x86_64-w64-mingw32
Configured with: ../../../src/gcc-12.2.0/configure --host=x86_64-w64-mingw32 --build=x86_64-w64-mingw32 --target=x86_64-w64-mingw32 --prefix=/mingw64 --with-sysroot=/c/mingw-builds/ucrt64-seh-posix/x86_64-1220-posix-seh-ucrt-rt_v10-rev2/mingw64 --enable-host-shared --disable-multilib --enable-languages=c,c++,fortran,lto --enable-libstdcxx-time=yes --enable-threads=posix --enable-libgomp --enable-libatomic --enable-lto --enable-graphite --enable-checking=release --enable-fully-dynamic-string --enable-version-specific-runtime-libs --enable-libstdcxx-filesystem-ts=yes --disable-libstdcxx-pch --disable-libstdcxx-debug --enable-bootstrap --disable-rpath --disable-win32-registry --disable-nls --disable-werror --disable-symvers --with-gnu-as --with-gnu-ld --with-arch=nocona --with-tune=core2 --with-libiconv --with-system-zlib --with-gmp=/c/mingw-builds/ucrt64-seh-posix/prerequisites/x86_64-w64-mingw32-static --with-mpfr=/c/mingw-builds/ucrt64-seh-posix/prerequisites/x86_64-w64-mingw32-static --with-mpc=/c/mingw-builds/ucrt64-seh-posix/prerequisites/x86_64-w64-mingw32-static --with-isl=/c/mingw-builds/ucrt64-seh-posix/prerequisites/x86_64-w64-mingw32-static --with-pkgversion='x86_64-posix-seh-rev2, Built by MinGW-W64 project' --with-bugurl=https://sourceforge.net/projects/mingw-w64 CFLAGS='-O2 -pipe -fno-ident -I/c/mingw-builds/ucrt64-seh-posix/x86_64-1220-posix-seh-ucrt-rt_v10-rev2/mingw64/opt/include -I/c/mingw-builds/ucrt64-seh-posix/prerequisites/x86_64-zlib-static/include -I/c/mingw-builds/ucrt64-seh-posix/prerequisites/x86_64-w64-mingw32-static/include' CXXFLAGS='-O2 -pipe -fno-ident -I/c/mingw-builds/ucrt64-seh-posix/x86_64-1220-posix-seh-ucrt-rt_v10-rev2/mingw64/opt/include -I/c/mingw-builds/ucrt64-seh-posix/prerequisites/x86_64-zlib-static/include -I/c/mingw-builds/ucrt64-seh-posix/prerequisites/x86_64-w64-mingw32-static/include' CPPFLAGS=' -I/c/mingw-builds/ucrt64-seh-posix/x86_64-1220-posix-seh-ucrt-rt_v10-rev2/mingw64/opt/include -I/c/mingw-builds/ucrt64-seh-posix/prerequisites/x86_64-zlib-static/include -I/c/mingw-builds/ucrt64-seh-posix/prerequisites/x86_64-w64-mingw32-static/include' LDFLAGS='-pipe -fno-ident -L/c/mingw-builds/ucrt64-seh-posix/x86_64-1220-posix-seh-ucrt-rt_v10-rev2/mingw64/opt/lib -L/c/mingw-builds/ucrt64-seh-posix/prerequisites/x86_64-zlib-static/lib -L/c/mingw-builds/ucrt64-seh-posix/prerequisites/x86_64-w64-mingw32-static/lib ' LD_FOR_TARGET=/c/mingw-builds/ucrt64-seh-posix/x86_64-1220-posix-seh-ucrt-rt_v10-rev2/mingw64/bin/ld.exe --with-boot-ldflags=' -Wl,--disable-dynamicbase -static-libstdc++ -static-libgcc'
Thread model: posix
Supported LTO compression algorithms: zlib
gcc version 12.2.0 (x86_64-posix-seh-rev2, Built by MinGW-W64 project) 
configure:4480: $? = 0
configure:4469: gcc -V >&5
gcc.exe: error: unrecognized command-line option '-V'
gcc.exe: fatal error: no input files
compilation terminated.
configure:4480: $? = 1
configure:4469: gcc -qversion >&5
gcc.exe: error: unrecognized command-line option '-qversion'; did you mean '--version'?
gcc.exe: fatal error: no input files
compilation terminated.
configure:4480: $? = 1
configure:4469: gcc -version >&5
gcc.exe: error: unrecognized command-line option '-version'
gcc.exe: fatal error: no input files
compilation terminated.
configure:4480: $? = 1
configure:4500: checking whether the C compiler works
configure:4522: gcc    conftest.c  >&5
configure:4526: $? = 0
configure:4576: result: yes
configure:4579: checking for C compiler default output file name
configure:4581: result: a.exe
configure:4587: checking for suffix of executables
configure:4594: gcc -o conftest.exe    conftest.c  >&5
configure:4598: $? = 0
configure:4621: result: .exe
configure:4643: checking whether we are cross compiling
configure:4651: gcc -o conftest.exe    conftest.c  >&5
configure:4655: $? = 0
configure:4662: ./conftest.exe
configure:4666: $? = 0
configure:4681: result: no
configure:4686: checking for suffix of object files
configure:4709: gcc -c   conftest.c >&5
configure:4713: $? = 0
configure:4735: result: o
configure:4739: checking whether the compiler supports GNU C
configure:4759: gcc -c   conftest.c >&5
configure:4759: $? = 0
configure:4769: result: yes
configure:4780: checking whether gcc accepts -g
configure:4801: gcc -c -g  conftest.c >&5
configure:4801: $? = 0
configure:4845: result: yes
configure:4865: checking for gcc option to enable C11 features
configure:4880: gcc  -c -g -O2  conftest.c >&5
configure:4880: $? = 0
configure:4898: result: none needed
configure:5014: checking whether gcc understands -c and -o together
configure:5037: gcc -c conftest.c -o conftest2.o
configure:5040: $? = 0
configure:5037: gcc -c conftest.c -o conftest2.o
configure:5040: $? = 0
configure:5052: result: yes
configure:5072: checking whether make supports the include directive
configure:5087: make -f confmf.GNU && cat confinc.out
this is the am__doit target
configure:5090: $? = 0
configure:5109: result: yes (GNU style)
configure:5135: checking dependency style of gcc
configure:5247: result: gcc3
configure:5331: checking for g++
configure:5352: found /c/mingw64/bin/g++
configure:5363: result: g++
configure:5390: checking for C++ compiler version
configure:5399: g++ --version >&5
g++.exe (x86_64-posix-seh-rev2, Built by MinGW-W64 project) 12.2.0
Copyright (C) 2022 Free Software Foundation, Inc.
This is free software; see the source for copying conditions.  There is NO
warranty; not even for MERCHANTABILITY or FITNESS FOR A PARTICULAR PURPOSE.

configure:5410: $? = 0
configure:5399: g++ -v >&5
Using built-in specs.
COLLECT_GCC=C:\mingw64\bin\g++.exe
COLLECT_LTO_WRAPPER=C:/mingw64/bin/../libexec/gcc/x86_64-w64-mingw32/12.2.0/lto-wrapper.exe
Target: x86_64-w64-mingw32
Configured with: ../../../src/gcc-12.2.0/configure --host=x86_64-w64-mingw32 --build=x86_64-w64-mingw32 --target=x86_64-w64-mingw32 --prefix=/mingw64 --with-sysroot=/c/mingw-builds/ucrt64-seh-posix/x86_64-1220-posix-seh-ucrt-rt_v10-rev2/mingw64 --enable-host-shared --disable-multilib --enable-languages=c,c++,fortran,lto --enable-libstdcxx-time=yes --enable-threads=posix --enable-libgomp --enable-libatomic --enable-lto --enable-graphite --enable-checking=release --enable-fully-dynamic-string --enable-version-specific-runtime-libs --enable-libstdcxx-filesystem-ts=yes --disable-libstdcxx-pch --disable-libstdcxx-debug --enable-bootstrap --disable-rpath --disable-win32-registry --disable-nls --disable-werror --disable-symvers --with-gnu-as --with-gnu-ld --with-arch=nocona --with-tune=core2 --with-libiconv --with-system-zlib --with-gmp=/c/mingw-builds/ucrt64-seh-posix/prerequisites/x86_64-w64-mingw32-static --with-mpfr=/c/mingw-builds/ucrt64-seh-posix/prerequisites/x86_64-w64-mingw32-static --with-mpc=/c/mingw-builds/ucrt64-seh-posix/prerequisites/x86_64-w64-mingw32-static --with-isl=/c/mingw-builds/ucrt64-seh-posix/prerequisites/x86_64-w64-mingw32-static --with-pkgversion='x86_64-posix-seh-rev2, Built by MinGW-W64 project' --with-bugurl=https://sourceforge.net/projects/mingw-w64 CFLAGS='-O2 -pipe -fno-ident -I/c/mingw-builds/ucrt64-seh-posix/x86_64-1220-posix-seh-ucrt-rt_v10-rev2/mingw64/opt/include -I/c/mingw-builds/ucrt64-seh-posix/prerequisites/x86_64-zlib-static/include -I/c/mingw-builds/ucrt64-seh-posix/prerequisites/x86_64-w64-mingw32-static/include' CXXFLAGS='-O2 -pipe -fno-ident -I/c/mingw-builds/ucrt64-seh-posix/x86_64-1220-posix-seh-ucrt-rt_v10-rev2/mingw64/opt/include -I/c/mingw-builds/ucrt64-seh-posix/prerequisites/x86_64-zlib-static/include -I/c/mingw-builds/ucrt64-seh-posix/prerequisites/x86_64-w64-mingw32-static/include' CPPFLAGS=' -I/c/mingw-builds/ucrt64-seh-posix/x86_64-1220-posix-seh-ucrt-rt_v10-rev2/mingw64/opt/include -I/c/mingw-builds/ucrt64-seh-posix/prerequisites/x86_64-zlib-static/include -I/c/mingw-builds/ucrt64-seh-posix/prerequisites/x86_64-w64-mingw32-static/include' LDFLAGS='-pipe -fno-ident -L/c/mingw-builds/ucrt64-seh-posix/x86_64-1220-posix-seh-ucrt-rt_v10-rev2/mingw64/opt/lib -L/c/mingw-builds/ucrt64-seh-posix/prerequisites/x86_64-zlib-static/lib -L/c/mingw-builds/ucrt64-seh-posix/prerequisites/x86_64-w64-mingw32-static/lib ' LD_FOR_TARGET=/c/mingw-builds/ucrt64-seh-posix/x86_64-1220-posix-seh-ucrt-rt_v10-rev2/mingw64/bin/ld.exe --with-boot-ldflags=' -Wl,--disable-dynamicbase -static-libstdc++ -static-libgcc'
Thread model: posix
Supported LTO compression algorithms: zlib
gcc version 12.2.0 (x86_64-posix-seh-rev2, Built by MinGW-W64 project) 
configure:5410: $? = 0
configure:5399: g++ -V >&5
g++.exe: error: unrecognized command-line option '-V'
g++.exe: fatal error: no input files
compilation terminated.
configure:5410: $? = 1
configure:5399: g++ -qversion >&5
g++.exe: error: unrecognized command-line option '-qversion'; did you mean '--version'?
g++.exe: fatal error: no input files
compilation terminated.
configure:5410: $? = 1
configure:5414: checking whether the compiler supports GNU C++
configure:5434: g++ -c   conftest.cpp >&5
configure:5434: $? = 0
configure:5444: result: yes
configure:5455: checking whether g++ accepts -g
configure:5476: g++ -c -g  conftest.cpp >&5
configure:5476: $? = 0
configure:5520: result: yes
configure:5540: checking for g++ option to enable C++11 features
configure:5555: g++  -c -g -O2  conftest.cpp >&5
conftest.cpp: In function 'int main(int, char**)':
conftest.cpp:177:25: warning: empty parentheses were disambiguated as a function declaration [-Wvexing-parse]
  177 |   cxx11test::delegate d2();
      |                         ^~
conftest.cpp:177:25: note: remove parentheses to default-initialize a variable
  177 |   cxx11test::delegate d2();
      |                         ^~
      |                         --
conftest.cpp:177:25: note: or replace parentheses with braces to value-initialize a variable
configure:5555: $? = 0
configure:5573: result: none needed
configure:5639: checking dependency style of g++
configure:5751: result: gcc3
configure:5771: checking how to run the C preprocessor
configure:5797: gcc -E  conftest.c
configure:5797: $? = 0
configure:5812: gcc -E  conftest.c
conftest.c:11:10: fatal error: ac_nonexistent.h: No such file or directory
   11 | #include <ac_nonexistent.h>
      |          ^~~~~~~~~~~~~~~~~~
compilation terminated.
configure:5812: $? = 1
configure: failed program was:
| /* confdefs.h */
| #define PACKAGE_NAME "isl"
| #define PACKAGE_TARNAME "isl"
| #define PACKAGE_VERSION "0.27"
| #define PACKAGE_STRING "isl 0.27"
| #define PACKAGE_BUGREPORT "isl-development@googlegroups.com"
| #define PACKAGE_URL ""
| #define PACKAGE "isl"
| #define VERSION "0.27"
| /* end confdefs.h.  */
| #include <ac_nonexistent.h>
configure:5839: result: gcc -E
configure:5853: gcc -E  conftest.c
configure:5853: $? = 0
configure:5868: gcc -E  conftest.c
conftest.c:11:10: fatal error: ac_nonexistent.h: No such file or directory
   11 | #include <ac_nonexistent.h>
      |          ^~~~~~~~~~~~~~~~~~
compilation terminated.
configure:5868: $? = 1
configure: failed program was:
| /* confdefs.h */
| #define PACKAGE_NAME "isl"
| #define PACKAGE_TARNAME "isl"
| #define PACKAGE_VERSION "0.27"
| #define PACKAGE_STRING "isl 0.27"
| #define PACKAGE_BUGREPORT "isl-development@googlegroups.com"
| #define PACKAGE_URL ""
| #define PACKAGE "isl"
| #define VERSION "0.27"
| /* end confdefs.h.  */
| #include <ac_nonexistent.h>
configure:5904: checking build system type
configure:5919: result: x86_64-pc-mingw64
configure:5974: checking for x86_64-pc-mingw64-gcc
configure:6009: result: no
configure:6019: checking for gcc
configure:6040: found /c/mingw64/bin/gcc
configure:6051: result: gcc
configure:6404: checking for C compiler version
configure:6413: gcc --version >&5
gcc.exe (x86_64-posix-seh-rev2, Built by MinGW-W64 project) 12.2.0
Copyright (C) 2022 Free Software Foundation, Inc.
This is free software; see the source for copying conditions.  There is NO
warranty; not even for MERCHANTABILITY or FITNESS FOR A PARTICULAR PURPOSE.

configure:6424: $? = 0
configure:6413: gcc -v >&5
Using built-in specs.
COLLECT_GCC=C:\mingw64\bin\gcc.exe
COLLECT_LTO_WRAPPER=C:/mingw64/bin/../libexec/gcc/x86_64-w64-mingw32/12.2.0/lto-wrapper.exe
Target: x86_64-w64-mingw32
Configured with: ../../../src/gcc-12.2.0/configure --host=x86_64-w64-mingw32 --build=x86_64-w64-mingw32 --target=x86_64-w64-mingw32 --prefix=/mingw64 --with-sysroot=/c/mingw-builds/ucrt64-seh-posix/x86_64-1220-posix-seh-ucrt-rt_v10-rev2/mingw64 --enable-host-shared --disable-multilib --enable-languages=c,c++,fortran,lto --enable-libstdcxx-time=yes --enable-threads=posix --enable-libgomp --enable-libatomic --enable-lto --enable-graphite --enable-checking=release --enable-fully-dynamic-string --enable-version-specific-runtime-libs --enable-libstdcxx-filesystem-ts=yes --disable-libstdcxx-pch --disable-libstdcxx-debug --enable-bootstrap --disable-rpath --disable-win32-registry --disable-nls --disable-werror --disable-symvers --with-gnu-as --with-gnu-ld --with-arch=nocona --with-tune=core2 --with-libiconv --with-system-zlib --with-gmp=/c/mingw-builds/ucrt64-seh-posix/prerequisites/x86_64-w64-mingw32-static --with-mpfr=/c/mingw-builds/ucrt64-seh-posix/prerequisites/x86_64-w64-mingw32-static --with-mpc=/c/mingw-builds/ucrt64-seh-posix/prerequisites/x86_64-w64-mingw32-static --with-isl=/c/mingw-builds/ucrt64-seh-posix/prerequisites/x86_64-w64-mingw32-static --with-pkgversion='x86_64-posix-seh-rev2, Built by MinGW-W64 project' --with-bugurl=https://sourceforge.net/projects/mingw-w64 CFLAGS='-O2 -pipe -fno-ident -I/c/mingw-builds/ucrt64-seh-posix/x86_64-1220-posix-seh-ucrt-rt_v10-rev2/mingw64/opt/include -I/c/mingw-builds/ucrt64-seh-posix/prerequisites/x86_64-zlib-static/include -I/c/mingw-builds/ucrt64-seh-posix/prerequisites/x86_64-w64-mingw32-static/include' CXXFLAGS='-O2 -pipe -fno-ident -I/c/mingw-builds/ucrt64-seh-posix/x86_64-1220-posix-seh-ucrt-rt_v10-rev2/mingw64/opt/include -I/c/mingw-builds/ucrt64-seh-posix/prerequisites/x86_64-zlib-static/include -I/c/mingw-builds/ucrt64-seh-posix/prerequisites/x86_64-w64-mingw32-static/include' CPPFLAGS=' -I/c/mingw-builds/ucrt64-seh-posix/x86_64-1220-posix-seh-ucrt-rt_v10-rev2/mingw64/opt/include -I/c/mingw-builds/ucrt64-seh-posix/prerequisites/x86_64-zlib-static/include -I/c/mingw-builds/ucrt64-seh-posix/prerequisites/x86_64-w64-mingw32-static/include' LDFLAGS='-pipe -fno-ident -L/c/mingw-builds/ucrt64-seh-posix/x86_64-1220-posix-seh-ucrt-rt_v10-rev2/mingw64/opt/lib -L/c/mingw-builds/ucrt64-seh-posix/prerequisites/x86_64-zlib-static/lib -L/c/mingw-builds/ucrt64-seh-posix/prerequisites/x86_64-w64-mingw32-static/lib ' LD_FOR_TARGET=/c/mingw-builds/ucrt64-seh-posix/x86_64-1220-posix-seh-ucrt-rt_v10-rev2/mingw64/bin/ld.exe --with-boot-ldflags=' -Wl,--disable-dynamicbase -static-libstdc++ -static-libgcc'
Thread model: posix
Supported LTO compression algorithms: zlib
gcc version 12.2.0 (x86_64-posix-seh-rev2, Built by MinGW-W64 project) 
configure:6424: $? = 0
configure:6413: gcc -V >&5
gcc.exe: error: unrecognized command-line option '-V'
gcc.exe: fatal error: no input files
compilation terminated.
configure:6424: $? = 1
configure:6413: gcc -qversion >&5
gcc.exe: error: unrecognized command-line option '-qversion'; did you mean '--version'?
gcc.exe: fatal error: no input files
compilation terminated.
configure:6424: $? = 1
configure:6413: gcc -version >&5
gcc.exe: error: unrecognized command-line option '-version'
gcc.exe: fatal error: no input files
compilation terminated.
configure:6424: $? = 1
configure:6428: checking whether the compiler supports GNU C
configure:6448: gcc -c   conftest.c >&5
configure:6448: $? = 0
configure:6458: result: yes
configure:6469: checking whether gcc accepts -g
configure:6490: gcc -c -g  conftest.c >&5
configure:6490: $? = 0
configure:6534: result: yes
configure:6554: checking for gcc option to enable C11 features
configure:6569: gcc  -c -g -O2  conftest.c >&5
configure:6569: $? = 0
configure:6587: result: none needed
configure:6703: checking whether gcc understands -c and -o together
configure:6726: gcc -c conftest.c -o conftest2.
configure:6729: $? = 0
configure:6741: result: no
configure:6760: checking dependency style of /d/a/GCC/GCC/isl-0.27/compile gcc
configure:6872: result: gcc3
configure:6909: checking whether the C compiler works
configure:6931: /d/a/GCC/GCC/isl-0.27/compile gcc -g -O2   conftest.c  >&5
configure:6935: $? = 0
configure:6985: result: yes
configure:6988: checking for C compiler default output file name
configure:6990: result: a.exe
configure:6996: checking for suffix of executables
configure:7003: /d/a/GCC/GCC/isl-0.27/compile gcc -o conftest.exe -g -O2   conftest.c  >&5
configure:7007: $? = 0
configure:7030: result: .exe
configure:7052: checking whether we are cross compiling
configure:7060: /d/a/GCC/GCC/isl-0.27/compile gcc -o conftest -g -O2   conftest.c  >&5
configure:7064: $? = 0
configure:7071: ./conftest.exe
configure:7075: $? = 0
configure:7090: result: no
configure:7096: checking for suffix of object files
configure:7119: /d/a/GCC/GCC/isl-0.27/compile gcc -c -g -O2  conftest.c >&5
configure:7123: $? = 0
configure:7145: result: o
configure:7155: checking how to run the C preprocessor
configure:7181: /d/a/GCC/GCC/isl-0.27/compile gcc -E  conftest.c
configure:7181: $? = 0
configure:7196: /d/a/GCC/GCC/isl-0.27/compile gcc -E  conftest.c
conftest.c:11:10: fatal error: ac_nonexistent.h: No such file or directory
   11 | #include <ac_nonexistent.h>
      |          ^~~~~~~~~~~~~~~~~~
compilation terminated.
configure:7196: $? = 1
configure: failed program was:
| /* confdefs.h */
| #define PACKAGE_NAME "isl"
| #define PACKAGE_TARNAME "isl"
| #define PACKAGE_VERSION "0.27"
| #define PACKAGE_STRING "isl 0.27"
| #define PACKAGE_BUGREPORT "isl-development@googlegroups.com"
| #define PACKAGE_URL ""
| #define PACKAGE "isl"
| #define VERSION "0.27"
| /* end confdefs.h.  */
| #include <ac_nonexistent.h>
configure:7223: result: /d/a/GCC/GCC/isl-0.27/compile gcc -E
configure:7237: /d/a/GCC/GCC/isl-0.27/compile gcc -E  conftest.c
configure:7237: $? = 0
configure:7252: /d/a/GCC/GCC/isl-0.27/compile gcc -E  conftest.c
conftest.c:11:10: fatal error: ac_nonexistent.h: No such file or directory
   11 | #include <ac_nonexistent.h>
      |          ^~~~~~~~~~~~~~~~~~
compilation terminated.
configure:7252: $? = 1
configure: failed program was:
| /* confdefs.h */
| #define PACKAGE_NAME "isl"
| #define PACKAGE_TARNAME "isl"
| #define PACKAGE_VERSION "0.27"
| #define PACKAGE_STRING "isl 0.27"
| #define PACKAGE_BUGREPORT "isl-development@googlegroups.com"
| #define PACKAGE_URL ""
| #define PACKAGE "isl"
| #define VERSION "0.27"
| /* end confdefs.h.  */
| #include <ac_nonexistent.h>
configure:7300: checking for C compiler vendor
configure:7360: gcc -c -g -O2  conftest.c >&5
conftest.c: In function 'main':
conftest.c:17:7: error: 'thisisanerror' undeclared (first use in this function)
   17 |       thisisanerror;
      |       ^~~~~~~~~~~~~
conftest.c:17:7: note: each undeclared identifier is reported only once for each function it appears in
configure:7360: $? = 1
configure: failed program was:
| /* confdefs.h */
| #define PACKAGE_NAME "isl"
| #define PACKAGE_TARNAME "isl"
| #define PACKAGE_VERSION "0.27"
| #define PACKAGE_STRING "isl 0.27"
| #define PACKAGE_BUGREPORT "isl-development@googlegroups.com"
| #define PACKAGE_URL ""
| #define PACKAGE "isl"
| #define VERSION "0.27"
| /* end confdefs.h.  */
| 
| int
| main (void)
| {
| 
| #if !(defined(__ICC) || defined(__ECC) || defined(__INTEL_COMPILER))
|       thisisanerror;
| #endif
| 
|   ;
|   return 0;
| }
configure:7360: gcc -c -g -O2  conftest.c >&5
conftest.c: In function 'main':
conftest.c:17:7: error: 'thisisanerror' undeclared (first use in this function)
   17 |       thisisanerror;
      |       ^~~~~~~~~~~~~
conftest.c:17:7: note: each undeclared identifier is reported only once for each function it appears in
configure:7360: $? = 1
configure: failed program was:
| /* confdefs.h */
| #define PACKAGE_NAME "isl"
| #define PACKAGE_TARNAME "isl"
| #define PACKAGE_VERSION "0.27"
| #define PACKAGE_STRING "isl 0.27"
| #define PACKAGE_BUGREPORT "isl-development@googlegroups.com"
| #define PACKAGE_URL ""
| #define PACKAGE "isl"
| #define VERSION "0.27"
| /* end confdefs.h.  */
| 
| int
| main (void)
| {
| 
| #if !(defined(__xlc__) || defined(__xlC__) || defined(__IBMC__) || defined(__IBMCPP__) || defined(__ibmxl__))
|       thisisanerror;
| #endif
| 
|   ;
|   return 0;
| }
configure:7360: gcc -c -g -O2  conftest.c >&5
conftest.c: In function 'main':
conftest.c:17:7: error: 'thisisanerror' undeclared (first use in this function)
   17 |       thisisanerror;
      |       ^~~~~~~~~~~~~
conftest.c:17:7: note: each undeclared identifier is reported only once for each function it appears in
configure:7360: $? = 1
configure: failed program was:
| /* confdefs.h */
| #define PACKAGE_NAME "isl"
| #define PACKAGE_TARNAME "isl"
| #define PACKAGE_VERSION "0.27"
| #define PACKAGE_STRING "isl 0.27"
| #define PACKAGE_BUGREPORT "isl-development@googlegroups.com"
| #define PACKAGE_URL ""
| #define PACKAGE "isl"
| #define VERSION "0.27"
| /* end confdefs.h.  */
| 
| int
| main (void)
| {
| 
| #if !(defined(__PATHCC__) || defined(__PATHSCALE__))
|       thisisanerror;
| #endif
| 
|   ;
|   return 0;
| }
configure:7360: gcc -c -g -O2  conftest.c >&5
conftest.c: In function 'main':
conftest.c:17:7: error: 'thisisanerror' undeclared (first use in this function)
   17 |       thisisanerror;
      |       ^~~~~~~~~~~~~
conftest.c:17:7: note: each undeclared identifier is reported only once for each function it appears in
configure:7360: $? = 1
configure: failed program was:
| /* confdefs.h */
| #define PACKAGE_NAME "isl"
| #define PACKAGE_TARNAME "isl"
| #define PACKAGE_VERSION "0.27"
| #define PACKAGE_STRING "isl 0.27"
| #define PACKAGE_BUGREPORT "isl-development@googlegroups.com"
| #define PACKAGE_URL ""
| #define PACKAGE "isl"
| #define VERSION "0.27"
| /* end confdefs.h.  */
| 
| int
| main (void)
| {
| 
| #if !(defined(__clang__))
|       thisisanerror;
| #endif
| 
|   ;
|   return 0;
| }
configure:7360: gcc -c -g -O2  conftest.c >&5
conftest.c: In function 'main':
conftest.c:17:7: error: 'thisisanerror' undeclared (first use in this function)
   17 |       thisisanerror;
      |       ^~~~~~~~~~~~~
conftest.c:17:7: note: each undeclared identifier is reported only once for each function it appears in
configure:7360: $? = 1
configure: failed program was:
| /* confdefs.h */
| #define PACKAGE_NAME "isl"
| #define PACKAGE_TARNAME "isl"
| #define PACKAGE_VERSION "0.27"
| #define PACKAGE_STRING "isl 0.27"
| #define PACKAGE_BUGREPORT "isl-development@googlegroups.com"
| #define PACKAGE_URL ""
| #define PACKAGE "isl"
| #define VERSION "0.27"
| /* end confdefs.h.  */
| 
| int
| main (void)
| {
| 
| #if !(defined(_CRAYC))
|       thisisanerror;
| #endif
| 
|   ;
|   return 0;
| }
configure:7360: gcc -c -g -O2  conftest.c >&5
conftest.c: In function 'main':
conftest.c:17:7: error: 'thisisanerror' undeclared (first use in this function)
   17 |       thisisanerror;
      |       ^~~~~~~~~~~~~
conftest.c:17:7: note: each undeclared identifier is reported only once for each function it appears in
configure:7360: $? = 1
configure: failed program was:
| /* confdefs.h */
| #define PACKAGE_NAME "isl"
| #define PACKAGE_TARNAME "isl"
| #define PACKAGE_VERSION "0.27"
| #define PACKAGE_STRING "isl 0.27"
| #define PACKAGE_BUGREPORT "isl-development@googlegroups.com"
| #define PACKAGE_URL ""
| #define PACKAGE "isl"
| #define VERSION "0.27"
| /* end confdefs.h.  */
| 
| int
| main (void)
| {
| 
| #if !(defined(__FUJITSU))
|       thisisanerror;
| #endif
| 
|   ;
|   return 0;
| }
configure:7360: gcc -c -g -O2  conftest.c >&5
conftest.c: In function 'main':
conftest.c:17:7: error: 'thisisanerror' undeclared (first use in this function)
   17 |       thisisanerror;
      |       ^~~~~~~~~~~~~
conftest.c:17:7: note: each undeclared identifier is reported only once for each function it appears in
configure:7360: $? = 1
configure: failed program was:
| /* confdefs.h */
| #define PACKAGE_NAME "isl"
| #define PACKAGE_TARNAME "isl"
| #define PACKAGE_VERSION "0.27"
| #define PACKAGE_STRING "isl 0.27"
| #define PACKAGE_BUGREPORT "isl-development@googlegroups.com"
| #define PACKAGE_URL ""
| #define PACKAGE "isl"
| #define VERSION "0.27"
| /* end confdefs.h.  */
| 
| int
| main (void)
| {
| 
| #if !(defined(SDCC) || defined(__SDCC))
|       thisisanerror;
| #endif
| 
|   ;
|   return 0;
| }
configure:7360: gcc -c -g -O2  conftest.c >&5
conftest.c: In function 'main':
conftest.c:17:7: error: 'thisisanerror' undeclared (first use in this function)
   17 |       thisisanerror;
      |       ^~~~~~~~~~~~~
conftest.c:17:7: note: each undeclared identifier is reported only once for each function it appears in
configure:7360: $? = 1
configure: failed program was:
| /* confdefs.h */
| #define PACKAGE_NAME "isl"
| #define PACKAGE_TARNAME "isl"
| #define PACKAGE_VERSION "0.27"
| #define PACKAGE_STRING "isl 0.27"
| #define PACKAGE_BUGREPORT "isl-development@googlegroups.com"
| #define PACKAGE_URL ""
| #define PACKAGE "isl"
| #define VERSION "0.27"
| /* end confdefs.h.  */
| 
| int
| main (void)
| {
| 
| #if !(defined(_SX))
|       thisisanerror;
| #endif
| 
|   ;
|   return 0;
| }
configure:7360: gcc -c -g -O2  conftest.c >&5
conftest.c: In function 'main':
conftest.c:17:7: error: 'thisisanerror' undeclared (first use in this function)
   17 |       thisisanerror;
      |       ^~~~~~~~~~~~~
conftest.c:17:7: note: each undeclared identifier is reported only once for each function it appears in
configure:7360: $? = 1
configure: failed program was:
| /* confdefs.h */
| #define PACKAGE_NAME "isl"
| #define PACKAGE_TARNAME "isl"
| #define PACKAGE_VERSION "0.27"
| #define PACKAGE_STRING "isl 0.27"
| #define PACKAGE_BUGREPORT "isl-development@googlegroups.com"
| #define PACKAGE_URL ""
| #define PACKAGE "isl"
| #define VERSION "0.27"
| /* end confdefs.h.  */
| 
| int
| main (void)
| {
| 
| #if !(defined(__NVCOMPILER))
|       thisisanerror;
| #endif
| 
|   ;
|   return 0;
| }
configure:7360: gcc -c -g -O2  conftest.c >&5
conftest.c: In function 'main':
conftest.c:17:7: error: 'thisisanerror' undeclared (first use in this function)
   17 |       thisisanerror;
      |       ^~~~~~~~~~~~~
conftest.c:17:7: note: each undeclared identifier is reported only once for each function it appears in
configure:7360: $? = 1
configure: failed program was:
| /* confdefs.h */
| #define PACKAGE_NAME "isl"
| #define PACKAGE_TARNAME "isl"
| #define PACKAGE_VERSION "0.27"
| #define PACKAGE_STRING "isl 0.27"
| #define PACKAGE_BUGREPORT "isl-development@googlegroups.com"
| #define PACKAGE_URL ""
| #define PACKAGE "isl"
| #define VERSION "0.27"
| /* end confdefs.h.  */
| 
| int
| main (void)
| {
| 
| #if !(defined(__PGI))
|       thisisanerror;
| #endif
| 
|   ;
|   return 0;
| }
configure:7360: gcc -c -g -O2  conftest.c >&5
conftest.c: In function 'main':
conftest.c:17:7: error: 'thisisanerror' undeclared (first use in this function)
   17 |       thisisanerror;
      |       ^~~~~~~~~~~~~
conftest.c:17:7: note: each undeclared identifier is reported only once for each function it appears in
configure:7360: $? = 1
configure: failed program was:
| /* confdefs.h */
| #define PACKAGE_NAME "isl"
| #define PACKAGE_TARNAME "isl"
| #define PACKAGE_VERSION "0.27"
| #define PACKAGE_STRING "isl 0.27"
| #define PACKAGE_BUGREPORT "isl-development@googlegroups.com"
| #define PACKAGE_URL ""
| #define PACKAGE "isl"
| #define VERSION "0.27"
| /* end confdefs.h.  */
| 
| int
| main (void)
| {
| 
| #if !(defined(__PCC__))
|       thisisanerror;
| #endif
| 
|   ;
|   return 0;
| }
configure:7360: gcc -c -g -O2  conftest.c >&5
configure:7360: $? = 0
configure:7370: result: gnu
configure:7373: checking host system type
configure:7387: result: x86_64-pc-mingw64
configure:7407: checking for a sed that does not truncate output
configure:7477: result: /usr/bin/sed
configure:7783: checking whether C compiler accepts -malign-double
configure:7803: gcc -c -g -O2 -O3 -fomit-frame-pointer  -malign-double  conftest.c >&5
configure:7803: $? = 0
configure:7812: result: yes
configure:7823: checking whether C compiler accepts -fstrict-aliasing
configure:7843: gcc -c -g -O2 -O3 -fomit-frame-pointer -malign-double  -fstrict-aliasing  conftest.c >&5
configure:7843: $? = 0
configure:7852: result: yes
configure:7863: checking whether C compiler accepts -ffast-math
configure:7883: gcc -c -g -O2 -O3 -fomit-frame-pointer -malign-double -fstrict-aliasing  -ffast-math  conftest.c >&5
configure:7883: $? = 0
configure:7892: result: yes
configure:7917: checking for gcc architecture flag
configure:7919: result: 
configure:7942: checking for x86 cpuid 0 output
configure:7976: gcc -o conftest.exe -g -O2 -O3 -fomit-frame-pointer -malign-double -fstrict-aliasing -ffast-math   conftest.c  >&5
configure:7976: $? = 0
configure:7976: ./conftest.exe
configure:7976: $? = 0
configure:7987: result: d:68747541:444d4163:69746e65
configure:8004: checking for x86 cpuid 1 output
configure:8038: gcc -o conftest.exe -g -O2 -O3 -fomit-frame-pointer -malign-double -fstrict-aliasing -ffast-math   conftest.c  >&5
configure:8038: $? = 0
configure:8038: ./conftest.exe
configure:8038: $? = 0
configure:8049: result: a00f11:2100800:feda3203:178bfbff
configure:8260: checking whether C compiler accepts -march=amdfam10
configure:8280: gcc -c -g -O2 -O3 -fomit-frame-pointer -malign-double -fstrict-aliasing -ffast-math  -march=amdfam10  conftest.c >&5
configure:8280: $? = 0
configure:8290: result: yes
configure:8312: checking for gcc architecture flag
configure:8314: result: -march=amdfam10
configure:8352: checking whether C compiler accepts -g -O2 -O3 -fomit-frame-pointer -malign-double -fstrict-aliasing -ffast-math -march=amdfam10
configure:8372: gcc -c -g -O2 -O3 -fomit-frame-pointer -malign-double -fstrict-aliasing -ffast-math -march=amdfam10  -g -O2 -O3 -fomit-frame-pointer -malign-double -fstrict-aliasing -ffast-math -march=amdfam10  conftest.c >&5
configure:8372: $? = 0
configure:8382: result: yes
configure:8402: checking whether the compiler supports function __attribute__((__warn_unused_result__))
configure:8421: gcc -c -g -O2 -O3 -fomit-frame-pointer -malign-double -fstrict-aliasing -ffast-math -march=amdfam10  conftest.c >&5
configure:8421: $? = 0
configure:8429: result: yes
configure:8438: checking for __attribute__
configure:8461: gcc -c -g -O2 -O3 -fomit-frame-pointer -malign-double -fstrict-aliasing -ffast-math -march=amdfam10  conftest.c >&5
configure:8461: $? = 0
configure:8471: result: yes
configure:8481: checking for grep that handles long lines and -e
configure:8545: result: /usr/bin/grep
configure:8901: checking whether g++ supports C++11 features with -std=c++11
configure:9200: g++ -std=c++11 -c -g -O2  conftest.cpp >&5
configure:9200: $? = 0
configure:9210: result: yes
configure:9259: checking whether g++ -std=c++11 supports C++17 features by default
configure:10054: g++ -std=c++11 -c -g -O2  conftest.cpp >&5
conftest.cpp:312:2: error: #error "This is not a C++14 compiler"
  312 | #error "This is not a C++14 compiler"
      |  ^~~~~
conftest.cpp:432:2: error: #error "This is not a C++17 compiler"
  432 | #error "This is not a C++17 compiler"
      |  ^~~~~
configure:10054: $? = 1
configure: failed program was:
| /* confdefs.h */
| #define PACKAGE_NAME "isl"
| #define PACKAGE_TARNAME "isl"
| #define PACKAGE_VERSION "0.27"
| #define PACKAGE_STRING "isl 0.27"
| #define PACKAGE_BUGREPORT "isl-development@googlegroups.com"
| #define PACKAGE_URL ""
| #define PACKAGE "isl"
| #define VERSION "0.27"
| #define GCC_WARN_UNUSED_RESULT __attribute__((__warn_unused_result__))
| #define HAVE___ATTRIBUTE__ 1
| #define HAVE_CXX11 1
| /* end confdefs.h.  */
| 
| 
| // If the compiler admits that it is not ready for C++11, why torture it?
| // Hopefully, this will speed up the test.
| 
| #ifndef __cplusplus
| 
| #error "This is not a C++ compiler"
| 
| #elif __cplusplus < 201103L
| 
| #error "This is not a C++11 compiler"
| 
| #else
| 
| namespace cxx11
| {
| 
|   namespace test_static_assert
|   {
| 
|     template <typename T>
|     struct check
|     {
|       static_assert(sizeof(int) <= sizeof(T), "not big enough");
|     };
| 
|   }
| 
|   namespace test_final_override
|   {
| 
|     struct Base
|     {
|       virtual ~Base() {}
|       virtual void f() {}
|     };
| 
|     struct Derived : public Base
|     {
|       virtual ~Derived() override {}
|       virtual void f() override {}
|     };
| 
|   }
| 
|   namespace test_double_right_angle_brackets
|   {
| 
|     template < typename T >
|     struct check {};
| 
|     typedef check<void> single_type;
|     typedef check<check<void>> double_type;
|     typedef check<check<check<void>>> triple_type;
|     typedef check<check<check<check<void>>>> quadruple_type;
| 
|   }
| 
|   namespace test_decltype
|   {
| 
|     int
|     f()
|     {
|       int a = 1;
|       decltype(a) b = 2;
|       return a + b;
|     }
| 
|   }
| 
|   namespace test_type_deduction
|   {
| 
|     template < typename T1, typename T2 >
|     struct is_same
|     {
|       static const bool value = false;
|     };
| 
|     template < typename T >
|     struct is_same<T, T>
|     {
|       static const bool value = true;
|     };
| 
|     template < typename T1, typename T2 >
|     auto
|     add(T1 a1, T2 a2) -> decltype(a1 + a2)
|     {
|       return a1 + a2;
|     }
| 
|     int
|     test(const int c, volatile int v)
|     {
|       static_assert(is_same<int, decltype(0)>::value == true, "");
|       static_assert(is_same<int, decltype(c)>::value == false, "");
|       static_assert(is_same<int, decltype(v)>::value == false, "");
|       auto ac = c;
|       auto av = v;
|       auto sumi = ac + av + 'x';
|       auto sumf = ac + av + 1.0;
|       static_assert(is_same<int, decltype(ac)>::value == true, "");
|       static_assert(is_same<int, decltype(av)>::value == true, "");
|       static_assert(is_same<int, decltype(sumi)>::value == true, "");
|       static_assert(is_same<int, decltype(sumf)>::value == false, "");
|       static_assert(is_same<int, decltype(add(c, v))>::value == true, "");
|       return (sumf > 0.0) ? sumi : add(c, v);
|     }
| 
|   }
| 
|   namespace test_noexcept
|   {
| 
|     int f() { return 0; }
|     int g() noexcept { return 0; }
| 
|     static_assert(noexcept(f()) == false, "");
|     static_assert(noexcept(g()) == true, "");
| 
|   }
| 
|   namespace test_constexpr
|   {
| 
|     template < typename CharT >
|     unsigned long constexpr
|     strlen_c_r(const CharT *const s, const unsigned long acc) noexcept
|     {
|       return *s ? strlen_c_r(s + 1, acc + 1) : acc;
|     }
| 
|     template < typename CharT >
|     unsigned long constexpr
|     strlen_c(const CharT *const s) noexcept
|     {
|       return strlen_c_r(s, 0UL);
|     }
| 
|     static_assert(strlen_c("") == 0UL, "");
|     static_assert(strlen_c("1") == 1UL, "");
|     static_assert(strlen_c("example") == 7UL, "");
|     static_assert(strlen_c("another\0example") == 7UL, "");
| 
|   }
| 
|   namespace test_rvalue_references
|   {
| 
|     template < int N >
|     struct answer
|     {
|       static constexpr int value = N;
|     };
| 
|     answer<1> f(int&)       { return answer<1>(); }
|     answer<2> f(const int&) { return answer<2>(); }
|     answer<3> f(int&&)      { return answer<3>(); }
| 
|     void
|     test()
|     {
|       int i = 0;
|       const int c = 0;
|       static_assert(decltype(f(i))::value == 1, "");
|       static_assert(decltype(f(c))::value == 2, "");
|       static_assert(decltype(f(0))::value == 3, "");
|     }
| 
|   }
| 
|   namespace test_uniform_initialization
|   {
| 
|     struct test
|     {
|       static const int zero {};
|       static const int one {1};
|     };
| 
|     static_assert(test::zero == 0, "");
|     static_assert(test::one == 1, "");
| 
|   }
| 
|   namespace test_lambdas
|   {
| 
|     void
|     test1()
|     {
|       auto lambda1 = [](){};
|       auto lambda2 = lambda1;
|       lambda1();
|       lambda2();
|     }
| 
|     int
|     test2()
|     {
|       auto a = [](int i, int j){ return i + j; }(1, 2);
|       auto b = []() -> int { return '0'; }();
|       auto c = [=](){ return a + b; }();
|       auto d = [&](){ return c; }();
|       auto e = [a, &b](int x) mutable {
|         const auto identity = [](int y){ return y; };
|         for (auto i = 0; i < a; ++i)
|           a += b--;
|         return x + identity(a + b);
|       }(0);
|       return a + b + c + d + e;
|     }
| 
|     int
|     test3()
|     {
|       const auto nullary = [](){ return 0; };
|       const auto unary = [](int x){ return x; };
|       using nullary_t = decltype(nullary);
|       using unary_t = decltype(unary);
|       const auto higher1st = [](nullary_t f){ return f(); };
|       const auto higher2nd = [unary](nullary_t f1){
|         return [unary, f1](unary_t f2){ return f2(unary(f1())); };
|       };
|       return higher1st(nullary) + higher2nd(nullary)(unary);
|     }
| 
|   }
| 
|   namespace test_variadic_templates
|   {
| 
|     template <int...>
|     struct sum;
| 
|     template <int N0, int... N1toN>
|     struct sum<N0, N1toN...>
|     {
|       static constexpr auto value = N0 + sum<N1toN...>::value;
|     };
| 
|     template <>
|     struct sum<>
|     {
|       static constexpr auto value = 0;
|     };
| 
|     static_assert(sum<>::value == 0, "");
|     static_assert(sum<1>::value == 1, "");
|     static_assert(sum<23>::value == 23, "");
|     static_assert(sum<1, 2>::value == 3, "");
|     static_assert(sum<5, 5, 11>::value == 21, "");
|     static_assert(sum<2, 3, 5, 7, 11, 13>::value == 41, "");
| 
|   }
| 
|   // http://stackoverflow.com/questions/13728184/template-aliases-and-sfinae
|   // Clang 3.1 fails with headers of libstd++ 4.8.3 when using std::function
|   // because of this.
|   namespace test_template_alias_sfinae
|   {
| 
|     struct foo {};
| 
|     template<typename T>
|     using member = typename T::member_type;
| 
|     template<typename T>
|     void func(...) {}
| 
|     template<typename T>
|     void func(member<T>*) {}
| 
|     void test();
| 
|     void test() { func<foo>(0); }
| 
|   }
| 
| }  // namespace cxx11
| 
| #endif  // __cplusplus >= 201103L
| 
| 
| 
| 
| // If the compiler admits that it is not ready for C++14, why torture it?
| // Hopefully, this will speed up the test.
| 
| #ifndef __cplusplus
| 
| #error "This is not a C++ compiler"
| 
| #elif __cplusplus < 201402L
| 
| #error "This is not a C++14 compiler"
| 
| #else
| 
| namespace cxx14
| {
| 
|   namespace test_polymorphic_lambdas
|   {
| 
|     int
|     test()
|     {
|       const auto lambda = [](auto&&... args){
|         const auto istiny = [](auto x){
|           return (sizeof(x) == 1UL) ? 1 : 0;
|         };
|         const int aretiny[] = { istiny(args)... };
|         return aretiny[0];
|       };
|       return lambda(1, 1L, 1.0f, '1');
|     }
| 
|   }
| 
|   namespace test_binary_literals
|   {
| 
|     constexpr auto ivii = 0b0000000000101010;
|     static_assert(ivii == 42, "wrong value");
| 
|   }
| 
|   namespace test_generalized_constexpr
|   {
| 
|     template < typename CharT >
|     constexpr unsigned long
|     strlen_c(const CharT *const s) noexcept
|     {
|       auto length = 0UL;
|       for (auto p = s; *p; ++p)
|         ++length;
|       return length;
|     }
| 
|     static_assert(strlen_c("") == 0UL, "");
|     static_assert(strlen_c("x") == 1UL, "");
|     static_assert(strlen_c("test") == 4UL, "");
|     static_assert(strlen_c("another\0test") == 7UL, "");
| 
|   }
| 
|   namespace test_lambda_init_capture
|   {
| 
|     int
|     test()
|     {
|       auto x = 0;
|       const auto lambda1 = [a = x](int b){ return a + b; };
|       const auto lambda2 = [a = lambda1(x)](){ return a; };
|       return lambda2();
|     }
| 
|   }
| 
|   namespace test_digit_separators
|   {
| 
|     constexpr auto ten_million = 100'000'000;
|     static_assert(ten_million == 100000000, "");
| 
|   }
| 
|   namespace test_return_type_deduction
|   {
| 
|     auto f(int& x) { return x; }
|     decltype(auto) g(int& x) { return x; }
| 
|     template < typename T1, typename T2 >
|     struct is_same
|     {
|       static constexpr auto value = false;
|     };
| 
|     template < typename T >
|     struct is_same<T, T>
|     {
|       static constexpr auto value = true;
|     };
| 
|     int
|     test()
|     {
|       auto x = 0;
|       static_assert(is_same<int, decltype(f(x))>::value, "");
|       static_assert(is_same<int&, decltype(g(x))>::value, "");
|       return x;
|     }
| 
|   }
| 
| }  // namespace cxx14
| 
| #endif  // __cplusplus >= 201402L
| 
| 
| 
| 
| // If the compiler admits that it is not ready for C++17, why torture it?
| // Hopefully, this will speed up the test.
| 
| #ifndef __cplusplus
| 
| #error "This is not a C++ compiler"
| 
| #elif __cplusplus < 201703L
| 
| #error "This is not a C++17 compiler"
| 
| #else
| 
| #include <initializer_list>
| #include <utility>
| #include <type_traits>
| 
| namespace cxx17
| {
| 
|   namespace test_constexpr_lambdas
|   {
| 
|     constexpr int foo = [](){return 42;}();
| 
|   }
| 
|   namespace test::nested_namespace::definitions
|   {
| 
|   }
| 
|   namespace test_fold_expression
|   {
| 
|     template<typename... Args>
|     int multiply(Args... args)
|     {
|       return (args * ... * 1);
|     }
| 
|     template<typename... Args>
|     bool all(Args... args)
|     {
|       return (args && ...);
|     }
| 
|   }
| 
|   namespace test_extended_static_assert
|   {
| 
|     static_assert (true);
| 
|   }
| 
|   namespace test_auto_brace_init_list
|   {
| 
|     auto foo = {5};
|     auto bar {5};
| 
|     static_assert(std::is_same<std::initializer_list<int>, decltype(foo)>::value);
|     static_assert(std::is_same<int, decltype(bar)>::value);
|   }
| 
|   namespace test_typename_in_template_template_parameter
|   {
| 
|     template<template<typename> typename X> struct D;
| 
|   }
| 
|   namespace test_fallthrough_nodiscard_maybe_unused_attributes
|   {
| 
|     int f1()
|     {
|       return 42;
|     }
| 
|     [[nodiscard]] int f2()
|     {
|       [[maybe_unused]] auto unused = f1();
| 
|       switch (f1())
|       {
|       case 17:
|         f1();
|         [[fallthrough]];
|       case 42:
|         f1();
|       }
|       return f1();
|     }
| 
|   }
| 
|   namespace test_extended_aggregate_initialization
|   {
| 
|     struct base1
|     {
|       int b1, b2 = 42;
|     };
| 
|     struct base2
|     {
|       base2() {
|         b3 = 42;
|       }
|       int b3;
|     };
| 
|     struct derived : base1, base2
|     {
|         int d;
|     };
| 
|     derived d1 {{1, 2}, {}, 4};  // full initialization
|     derived d2 {{}, {}, 4};      // value-initialized bases
| 
|   }
| 
|   namespace test_general_range_based_for_loop
|   {
| 
|     struct iter
|     {
|       int i;
| 
|       int& operator* ()
|       {
|         return i;
|       }
| 
|       const int& operator* () const
|       {
|         return i;
|       }
| 
|       iter& operator++()
|       {
|         ++i;
|         return *this;
|       }
|     };
| 
|     struct sentinel
|     {
|       int i;
|     };
| 
|     bool operator== (const iter& i, const sentinel& s)
|     {
|       return i.i == s.i;
|     }
| 
|     bool operator!= (const iter& i, const sentinel& s)
|     {
|       return !(i == s);
|     }
| 
|     struct range
|     {
|       iter begin() const
|       {
|         return {0};
|       }
| 
|       sentinel end() const
|       {
|         return {5};
|       }
|     };
| 
|     void f()
|     {
|       range r {};
| 
|       for (auto i : r)
|       {
|         [[maybe_unused]] auto v = i;
|       }
|     }
| 
|   }
| 
|   namespace test_lambda_capture_asterisk_this_by_value
|   {
| 
|     struct t
|     {
|       int i;
|       int foo()
|       {
|         return [*this]()
|         {
|           return i;
|         }();
|       }
|     };
| 
|   }
| 
|   namespace test_enum_class_construction
|   {
| 
|     enum class byte : unsigned char
|     {};
| 
|     byte foo {42};
| 
|   }
| 
|   namespace test_constexpr_if
|   {
| 
|     template <bool cond>
|     int f ()
|     {
|       if constexpr(cond)
|       {
|         return 13;
|       }
|       else
|       {
|         return 42;
|       }
|     }
| 
|   }
| 
|   namespace test_selection_statement_with_initializer
|   {
| 
|     int f()
|     {
|       return 13;
|     }
| 
|     int f2()
|     {
|       if (auto i = f(); i > 0)
|       {
|         return 3;
|       }
| 
|       switch (auto i = f(); i + 4)
|       {
|       case 17:
|         return 2;
| 
|       default:
|         return 1;
|       }
|     }
| 
|   }
| 
|   namespace test_template_argument_deduction_for_class_templates
|   {
| 
|     template <typename T1, typename T2>
|     struct pair
|     {
|       pair (T1 p1, T2 p2)
|         : m1 {p1},
|           m2 {p2}
|       {}
| 
|       T1 m1;
|       T2 m2;
|     };
| 
|     void f()
|     {
|       [[maybe_unused]] auto p = pair{13, 42u};
|     }
| 
|   }
| 
|   namespace test_non_type_auto_template_parameters
|   {
| 
|     template <auto n>
|     struct B
|     {};
| 
|     B<5> b1;
|     B<'a'> b2;
| 
|   }
| 
|   namespace test_structured_bindings
|   {
| 
|     int arr[2] = { 1, 2 };
|     std::pair<int, int> pr = { 1, 2 };
| 
|     auto f1() -> int(&)[2]
|     {
|       return arr;
|     }
| 
|     auto f2() -> std::pair<int, int>&
|     {
|       return pr;
|     }
| 
|     struct S
|     {
|       int x1 : 2;
|       volatile double y1;
|     };
| 
|     S f3()
|     {
|       return {};
|     }
| 
|     auto [ x1, y1 ] = f1();
|     auto& [ xr1, yr1 ] = f1();
|     auto [ x2, y2 ] = f2();
|     auto& [ xr2, yr2 ] = f2();
|     const auto [ x3, y3 ] = f3();
| 
|   }
| 
|   namespace test_exception_spec_type_system
|   {
| 
|     struct Good {};
|     struct Bad {};
| 
|     void g1() noexcept;
|     void g2();
| 
|     template<typename T>
|     Bad
|     f(T*, T*);
| 
|     template<typename T1, typename T2>
|     Good
|     f(T1*, T2*);
| 
|     static_assert (std::is_same_v<Good, decltype(f(g1, g2))>);
| 
|   }
| 
|   namespace test_inline_variables
|   {
| 
|     template<class T> void f(T)
|     {}
| 
|     template<class T> inline T g(T)
|     {
|       return T{};
|     }
| 
|     template<> inline void f<>(int)
|     {}
| 
|     template<> int g<>(int)
|     {
|       return 5;
|     }
| 
|   }
| 
| }  // namespace cxx17
| 
| #endif  // __cplusplus < 201703L
| 
| 
| 
configure:10062: result: no
configure:10072: checking whether g++ -std=c++11 supports C++17 features with -std=gnu++17
configure:10869: g++ -std=c++11 -std=gnu++17 -c -g -O2  conftest.cpp >&5
configure:10869: $? = 0
configure:10879: result: yes
configure:11743: checking for grep that handles long lines and -e
configure:11807: result: /usr/bin/grep
configure:11859: checking how to print strings
configure:11886: result: printf
configure:11907: checking for a sed that does not truncate output
configure:11977: result: /usr/bin/sed
configure:11995: checking for egrep
configure:12063: result: /usr/bin/grep -E
configure:12068: checking for fgrep
configure:12136: result: /usr/bin/grep -F
configure:12172: checking for ld used by gcc
configure:12240: result: C:/mingw64/x86_64-w64-mingw32/bin/ld.exe
configure:12247: checking if the linker (C:/mingw64/x86_64-w64-mingw32/bin/ld.exe) is GNU ld
configure:12263: result: yes
configure:12275: checking for BSD- or MS-compatible name lister (nm)
configure:12330: result: /c/mingw64/bin/nm -B
configure:12470: checking the name lister (/c/mingw64/bin/nm -B) interface
configure:12478: gcc -c -g -O2 -O3 -fomit-frame-pointer -malign-double -fstrict-aliasing -ffast-math -march=amdfam10  conftest.c >&5
configure:12481: /c/mingw64/bin/nm -B "conftest.o"
configure:12484: output
0000000000000000 b .bss
0000000000000000 d .data
0000000000000000 N .debug_abbrev
0000000000000000 N .debug_aranges
0000000000000000 N .debug_info
0000000000000000 N .debug_line
0000000000000000 N .debug_line_str
0000000000000000 r .rdata$zzz
0000000000000000 t .text
0000000000000000 B some_variable
configure:12491: result: BSD nm
configure:12494: checking whether ln -s works
configure:12501: result: no, using cp -pR
configure:12506: checking the maximum length of command line arguments
configure:12638: result: 8192
configure:12686: checking how to convert x86_64-pc-mingw64 file names to x86_64-pc-mingw64 format
configure:12727: result: func_convert_file_msys_to_w32
configure:12734: checking how to convert x86_64-pc-mingw64 file names to toolchain format
configure:12755: result: func_convert_file_msys_to_w32
configure:12762: checking for C:/mingw64/x86_64-w64-mingw32/bin/ld.exe option to reload object files
configure:12770: result: -r
configure:12849: checking for objdump
configure:12870: found /c/mingw64/bin/objdump
configure:12881: result: objdump
configure:12913: checking how to recognize dependent libraries
configure:13114: result: file_magic ^x86 archive import|^x86 DLL
configure:13204: checking for dlltool
configure:13225: found /c/mingw64/bin/dlltool
configure:13236: result: dlltool
configure:13269: checking how to associate runtime and link libraries
configure:13297: result: func_cygming_dll_for_implib
configure:13362: checking for ar
configure:13383: found /c/mingw64/bin/ar
configure:13394: result: ar
configure:13431: checking for archiver @FILE support
configure:13449: gcc -c -g -O2 -O3 -fomit-frame-pointer -malign-double -fstrict-aliasing -ffast-math -march=amdfam10  conftest.c >&5
configure:13449: $? = 0
configure:13453: ar cr libconftest.a @conftest.lst >&5
configure:13456: $? = 0
configure:13461: ar cr libconftest.a @conftest.lst >&5
C:\mingw64\bin\ar.exe: conftest.o: No such file or directory
configure:13464: $? = 1
configure:13476: result: @
configure:13539: checking for strip
configure:13560: found /c/mingw64/bin/strip
configure:13571: result: strip
configure:13648: checking for ranlib
configure:13669: found /c/mingw64/bin/ranlib
configure:13680: result: ranlib
configure:13782: checking command to parse /c/mingw64/bin/nm -B output from gcc object
configure:13936: gcc -c -g -O2 -O3 -fomit-frame-pointer -malign-double -fstrict-aliasing -ffast-math -march=amdfam10  conftest.c >&5
configure:13939: $? = 0
configure:13943: /c/mingw64/bin/nm -B conftest.o | sed -n -e 's/^.*[	 ]\([ABCDGIRSTW][ABCDGIRSTW]*\)[	 ][	 ]*\([_A-Za-z][_A-Za-z0-9]*\)\{0,1\}$/\1 \2 \2/p' | sed '/ __gnu_lto/d' > conftest.nm
configure:14009: gcc -o conftest.exe -g -O2 -O3 -fomit-frame-pointer -malign-double -fstrict-aliasing -ffast-math -march=amdfam10   conftest.c conftstm.o >&5
configure:14012: $? = 0
configure:14050: result: ok
configure:14097: checking for sysroot
configure:14128: result: no
configure:14135: checking for a working dd
configure:14179: result: /usr/bin/dd
configure:14183: checking how to truncate binary pipes
configure:14199: result: /usr/bin/dd bs=4096 count=1
configure:14536: checking for mt
configure:14571: result: no
configure:14591: checking if : is a manifest tool
configure:14598: : '-?'
configure:14606: result: no
configure:15336: checking for stdio.h
configure:15336: gcc -c -g -O2 -O3 -fomit-frame-pointer -malign-double -fstrict-aliasing -ffast-math -march=amdfam10  conftest.c >&5
configure:15336: $? = 0
configure:15336: result: yes
configure:15336: checking for stdlib.h
configure:15336: gcc -c -g -O2 -O3 -fomit-frame-pointer -malign-double -fstrict-aliasing -ffast-math -march=amdfam10  conftest.c >&5
configure:15336: $? = 0
configure:15336: result: yes
configure:15336: checking for string.h
configure:15336: gcc -c -g -O2 -O3 -fomit-frame-pointer -malign-double -fstrict-aliasing -ffast-math -march=amdfam10  conftest.c >&5
configure:15336: $? = 0
configure:15336: result: yes
configure:15336: checking for inttypes.h
configure:15336: gcc -c -g -O2 -O3 -fomit-frame-pointer -malign-double -fstrict-aliasing -ffast-math -march=amdfam10  conftest.c >&5
configure:15336: $? = 0
configure:15336: result: yes
configure:15336: checking for stdint.h
configure:15336: gcc -c -g -O2 -O3 -fomit-frame-pointer -malign-double -fstrict-aliasing -ffast-math -march=amdfam10  conftest.c >&5
configure:15336: $? = 0
configure:15336: result: yes
configure:15336: checking for strings.h
configure:15336: gcc -c -g -O2 -O3 -fomit-frame-pointer -malign-double -fstrict-aliasing -ffast-math -march=amdfam10  conftest.c >&5
configure:15336: $? = 0
configure:15336: result: yes
configure:15336: checking for sys/stat.h
configure:15336: gcc -c -g -O2 -O3 -fomit-frame-pointer -malign-double -fstrict-aliasing -ffast-math -march=amdfam10  conftest.c >&5
configure:15336: $? = 0
configure:15336: result: yes
configure:15336: checking for sys/types.h
configure:15336: gcc -c -g -O2 -O3 -fomit-frame-pointer -malign-double -fstrict-aliasing -ffast-math -march=amdfam10  conftest.c >&5
configure:15336: $? = 0
configure:15336: result: yes
configure:15336: checking for unistd.h
configure:15336: gcc -c -g -O2 -O3 -fomit-frame-pointer -malign-double -fstrict-aliasing -ffast-math -march=amdfam10  conftest.c >&5
configure:15336: $? = 0
configure:15336: result: yes
configure:15361: checking for dlfcn.h
configure:15361: gcc -c -g -O2 -O3 -fomit-frame-pointer -malign-double -fstrict-aliasing -ffast-math -march=amdfam10  conftest.c >&5
conftest.c:54:10: fatal error: dlfcn.h: No such file or directory
   54 | #include <dlfcn.h>
      |          ^~~~~~~~~
compilation terminated.
configure:15361: $? = 1
configure: failed program was:
| /* confdefs.h */
| #define PACKAGE_NAME "isl"
| #define PACKAGE_TARNAME "isl"
| #define PACKAGE_VERSION "0.27"
| #define PACKAGE_STRING "isl 0.27"
| #define PACKAGE_BUGREPORT "isl-development@googlegroups.com"
| #define PACKAGE_URL ""
| #define PACKAGE "isl"
| #define VERSION "0.27"
| #define GCC_WARN_UNUSED_RESULT __attribute__((__warn_unused_result__))
| #define HAVE___ATTRIBUTE__ 1
| #define HAVE_CXX11 1
| #define HAVE_CXX17 1
| #define HAVE_STDIO_H 1
| #define HAVE_STDLIB_H 1
| #define HAVE_STRING_H 1
| #define HAVE_INTTYPES_H 1
| #define HAVE_STDINT_H 1
| #define HAVE_STRINGS_H 1
| #define HAVE_SYS_STAT_H 1
| #define HAVE_SYS_TYPES_H 1
| #define HAVE_UNISTD_H 1
| #define STDC_HEADERS 1
| /* end confdefs.h.  */
| #include <stddef.h>
| #ifdef HAVE_STDIO_H
| # include <stdio.h>
| #endif
| #ifdef HAVE_STDLIB_H
| # include <stdlib.h>
| #endif
| #ifdef HAVE_STRING_H
| # include <string.h>
| #endif
| #ifdef HAVE_INTTYPES_H
| # include <inttypes.h>
| #endif
| #ifdef HAVE_STDINT_H
| # include <stdint.h>
| #endif
| #ifdef HAVE_STRINGS_H
| # include <strings.h>
| #endif
| #ifdef HAVE_SYS_TYPES_H
| # include <sys/types.h>
| #endif
| #ifdef HAVE_SYS_STAT_H
| # include <sys/stat.h>
| #endif
| #ifdef HAVE_UNISTD_H
| # include <unistd.h>
| #endif
| 
| #include <dlfcn.h>
configure:15361: result: no
configure:15630: checking for objdir
configure:15646: result: .libs
configure:15910: checking if gcc supports -fno-rtti -fno-exceptions
configure:15929: gcc -c -g -O2 -O3 -fomit-frame-pointer -malign-double -fstrict-aliasing -ffast-math -march=amdfam10  -fno-rtti -fno-exceptions conftest.c >&5
cc1.exe: warning: command-line option '-fno-rtti' is valid for C++/D/ObjC++ but not for C
configure:15933: $? = 0
configure:15946: result: no
configure:16310: checking for gcc option to produce PIC
configure:16318: result: -DDLL_EXPORT -DPIC
configure:16326: checking if gcc PIC flag -DDLL_EXPORT -DPIC works
configure:16345: gcc -c -g -O2 -O3 -fomit-frame-pointer -malign-double -fstrict-aliasing -ffast-math -march=amdfam10  -DDLL_EXPORT -DPIC -DPIC conftest.c >&5
configure:16349: $? = 0
configure:16362: result: yes
configure:16391: checking if gcc static flag -static works
configure:16420: result: yes
configure:16435: checking if gcc supports -c -o file.o
configure:16457: gcc -c -g -O2 -O3 -fomit-frame-pointer -malign-double -fstrict-aliasing -ffast-math -march=amdfam10  -o out/conftest2.o conftest.c >&5
configure:16461: $? = 0
configure:16483: result: yes
configure:16491: checking if gcc supports -c -o file.o
configure:16539: result: yes
configure:16572: checking whether the gcc linker (C:/mingw64/x86_64-w64-mingw32/bin/ld.exe) supports shared libraries
configure:17842: result: yes
configure:17879: checking whether -lc should be explicitly linked in
configure:17888: gcc -c -g -O2 -O3 -fomit-frame-pointer -malign-double -fstrict-aliasing -ffast-math -march=amdfam10  conftest.c >&5
configure:17891: $? = 0
configure:17906: gcc -shared conftest.o  -v -o ./conftest -Wl,--enable-auto-image-base -Xlinker --out-implib -Xlinker conftest 2\>\&1 \| /usr/bin/grep  -lc  \>/dev/null 2\>\&1
configure:17909: $? = 1
configure:17923: result: yes
configure:18083: checking dynamic linker characteristics
configure:18916: result: Win32 ld.exe
configure:19038: checking how to hardcode library paths into programs
configure:19063: result: immediate
configure:19615: checking whether stripping libraries is possible
configure:19620: result: yes
configure:19655: checking if libtool supports shared libraries
configure:19657: result: yes
configure:19660: checking whether to build shared libraries
configure:19685: result: yes
configure:19688: checking whether to build static libraries
configure:19692: result: yes
configure:19715: checking how to run the C++ preprocessor
configure:19737: g++ -std=c++11 -std=gnu++17 -E  conftest.cpp
configure:19737: $? = 0
configure:19752: g++ -std=c++11 -std=gnu++17 -E  conftest.cpp
conftest.cpp:26:10: fatal error: ac_nonexistent.h: No such file or directory
   26 | #include <ac_nonexistent.h>
      |          ^~~~~~~~~~~~~~~~~~
compilation terminated.
configure:19752: $? = 1
configure: failed program was:
| /* confdefs.h */
| #define PACKAGE_NAME "isl"
| #define PACKAGE_TARNAME "isl"
| #define PACKAGE_VERSION "0.27"
| #define PACKAGE_STRING "isl 0.27"
| #define PACKAGE_BUGREPORT "isl-development@googlegroups.com"
| #define PACKAGE_URL ""
| #define PACKAGE "isl"
| #define VERSION "0.27"
| #define GCC_WARN_UNUSED_RESULT __attribute__((__warn_unused_result__))
| #define HAVE___ATTRIBUTE__ 1
| #define HAVE_CXX11 1
| #define HAVE_CXX17 1
| #define HAVE_STDIO_H 1
| #define HAVE_STDLIB_H 1
| #define HAVE_STRING_H 1
| #define HAVE_INTTYPES_H 1
| #define HAVE_STDINT_H 1
| #define HAVE_STRINGS_H 1
| #define HAVE_SYS_STAT_H 1
| #define HAVE_SYS_TYPES_H 1
| #define HAVE_UNISTD_H 1
| #define STDC_HEADERS 1
| #define LT_OBJDIR ".libs/"
| /* end confdefs.h.  */
| #include <ac_nonexistent.h>
configure:19779: result: g++ -std=c++11 -std=gnu++17 -E
configure:19793: g++ -std=c++11 -std=gnu++17 -E  conftest.cpp
configure:19793: $? = 0
configure:19808: g++ -std=c++11 -std=gnu++17 -E  conftest.cpp
conftest.cpp:26:10: fatal error: ac_nonexistent.h: No such file or directory
   26 | #include <ac_nonexistent.h>
      |          ^~~~~~~~~~~~~~~~~~
compilation terminated.
configure:19808: $? = 1
configure: failed program was:
| /* confdefs.h */
| #define PACKAGE_NAME "isl"
| #define PACKAGE_TARNAME "isl"
| #define PACKAGE_VERSION "0.27"
| #define PACKAGE_STRING "isl 0.27"
| #define PACKAGE_BUGREPORT "isl-development@googlegroups.com"
| #define PACKAGE_URL ""
| #define PACKAGE "isl"
| #define VERSION "0.27"
| #define GCC_WARN_UNUSED_RESULT __attribute__((__warn_unused_result__))
| #define HAVE___ATTRIBUTE__ 1
| #define HAVE_CXX11 1
| #define HAVE_CXX17 1
| #define HAVE_STDIO_H 1
| #define HAVE_STDLIB_H 1
| #define HAVE_STRING_H 1
| #define HAVE_INTTYPES_H 1
| #define HAVE_STDINT_H 1
| #define HAVE_STRINGS_H 1
| #define HAVE_SYS_STAT_H 1
| #define HAVE_SYS_TYPES_H 1
| #define HAVE_UNISTD_H 1
| #define STDC_HEADERS 1
| #define LT_OBJDIR ".libs/"
| /* end confdefs.h.  */
| #include <ac_nonexistent.h>
configure:19973: checking for ld used by g++ -std=c++11 -std=gnu++17
configure:20041: result: C:/mingw64/x86_64-w64-mingw32/bin/ld.exe
configure:20048: checking if the linker (C:/mingw64/x86_64-w64-mingw32/bin/ld.exe) is GNU ld
configure:20064: result: yes
configure:20119: checking whether the g++ -std=c++11 -std=gnu++17 linker (C:/mingw64/x86_64-w64-mingw32/bin/ld.exe) supports shared libraries
configure:21196: result: yes
configure:21232: g++ -std=c++11 -std=gnu++17 -c -g -O2  conftest.cpp >&5
configure:21235: $? = 0
configure:21716: checking for g++ -std=c++11 -std=gnu++17 option to produce PIC
configure:21724: result: -DDLL_EXPORT -DPIC
configure:21732: checking if g++ -std=c++11 -std=gnu++17 PIC flag -DDLL_EXPORT -DPIC works
configure:21751: g++ -std=c++11 -std=gnu++17 -c -g -O2  -DDLL_EXPORT -DPIC -DPIC conftest.cpp >&5
configure:21755: $? = 0
configure:21768: result: yes
configure:21791: checking if g++ -std=c++11 -std=gnu++17 static flag -static works
configure:21820: result: yes
configure:21832: checking if g++ -std=c++11 -std=gnu++17 supports -c -o file.o
configure:21854: g++ -std=c++11 -std=gnu++17 -c -g -O2  -o out/conftest2.o conftest.cpp >&5
configure:21858: $? = 0
configure:21880: result: yes
configure:21885: checking if g++ -std=c++11 -std=gnu++17 supports -c -o file.o
configure:21933: result: yes
configure:21963: checking whether the g++ -std=c++11 -std=gnu++17 linker (C:/mingw64/x86_64-w64-mingw32/bin/ld.exe) supports shared libraries
configure:22006: result: yes
configure:22148: checking dynamic linker characteristics
configure:22908: result: Win32 ld.exe
configure:22973: checking how to hardcode library paths into programs
configure:22998: result: immediate
configure:23059: checking for a sed that does not truncate output
configure:23129: result: /usr/bin/sed
configure:23170: checking for a Python interpreter with version >= 3.6
configure:23188: python -c import sys # split strings by '.' and convert to numeric. Append some zeros # because we need at least 4 digits for the hex conversion. # map returns an iterator in Python 3.0 and a list in 2.x minver = list(map(int, '3.6'.split('.'))) + [0, 0, 0] minverhex = 0 # xrange is not present in Python 3.0 and range returns an iterator for i in list(range(0, 4)): minverhex = (minverhex << 8) + minver[i] sys.exit(sys.hexversion < minverhex)
configure:23191: $? = 0
configure:23198: result: python
configure:23206: checking for python
configure:23229: found /c/hostedtoolcache/windows/Python/3.9.13/x64/python
configure:23241: result: /c/hostedtoolcache/windows/Python/3.9.13/x64/python
configure:23258: checking for python version
configure:23266: result: 3.9
configure:23271: checking for python platform
configure:23279: result: win32
configure:23340: checking for GNU default python prefix
configure:23342: result: ${prefix}
configure:23408: checking for GNU default python exec_prefix
configure:23410: result: ${exec_prefix}
configure:23441: checking for python script directory (pythondir)
configure:23483: result: ${PYTHON_PREFIX}/lib/python3.9/site-packages
configure:23491: checking for python extension module directory (pyexecdir)
configure:23533: result: ${PYTHON_EXEC_PREFIX}/lib/python3.9/site-packages
configure:23555: checking for cygpath
configure:23576: found /usr/bin/cygpath
configure:23587: result: cygpath
configure:23597: checking for perl
configure:23618: found /usr/bin/perl
configure:23629: result: perl
configure:23639: checking for pdflatex
configure:23674: result: no
configure:23681: checking for pod2html
configure:23716: result: no
configure:23726: checking for diff
configure:23749: found /usr/bin/diff
configure:23761: result: /usr/bin/diff
configure:23770: checking for /usr/bin/diff context option
configure:23778: result: -u
configure:23799: checking for stdint types
configure:23823: gcc -c   conftest.c >&5
configure:23823: $? = 0
configure:23869: result: stdint.h (shortcircuit)
configure:24268: result: make use of stdint.h in include/isl/stdint.h (assuming C99 compatible system)
configure:24298: checking for gcc options needed to detect all undeclared functions
configure:24320: gcc -c -g -O2 -O3 -fomit-frame-pointer -malign-double -fstrict-aliasing -ffast-math -march=amdfam10   conftest.c >&5
conftest.c: In function 'main':
conftest.c:30:8: error: 'strchr' undeclared (first use in this function)
   30 | (void) strchr;
      |        ^~~~~~
conftest.c:1:1: note: 'strchr' is defined in header '<string.h>'; did you forget to '#include <string.h>'?
    1 | /* confdefs.h */
conftest.c:30:8: note: each undeclared identifier is reported only once for each function it appears in
   30 | (void) strchr;
      |        ^~~~~~
configure:24320: $? = 1
configure: failed program was:
| /* confdefs.h */
| #define PACKAGE_NAME "isl"
| #define PACKAGE_TARNAME "isl"
| #define PACKAGE_VERSION "0.27"
| #define PACKAGE_STRING "isl 0.27"
| #define PACKAGE_BUGREPORT "isl-development@googlegroups.com"
| #define PACKAGE_URL ""
| #define PACKAGE "isl"
| #define VERSION "0.27"
| #define GCC_WARN_UNUSED_RESULT __attribute__((__warn_unused_result__))
| #define HAVE___ATTRIBUTE__ 1
| #define HAVE_CXX11 1
| #define HAVE_CXX17 1
| #define HAVE_STDIO_H 1
| #define HAVE_STDLIB_H 1
| #define HAVE_STRING_H 1
| #define HAVE_INTTYPES_H 1
| #define HAVE_STDINT_H 1
| #define HAVE_STRINGS_H 1
| #define HAVE_SYS_STAT_H 1
| #define HAVE_SYS_TYPES_H 1
| #define HAVE_UNISTD_H 1
| #define STDC_HEADERS 1
| #define LT_OBJDIR ".libs/"
| /* end confdefs.h.  */
| 
| int
| main (void)
| {
| (void) strchr;
|   ;
|   return 0;
| }
configure:24347: gcc -c -g -O2 -O3 -fomit-frame-pointer -malign-double -fstrict-aliasing -ffast-math -march=amdfam10   conftest.c >&5
configure:24347: $? = 0
configure:24364: result: none needed
configure:24468: checking which gmp to use
configure:24470: result: system
configure:24487: checking for gmp.h
configure:24487: gcc -c -g -O2 -O3 -fomit-frame-pointer -malign-double -fstrict-aliasing -ffast-math -march=amdfam10   conftest.c >&5
conftest.c:55:10: fatal error: gmp.h: No such file or directory
   55 | #include <gmp.h>
      |          ^~~~~~~
compilation terminated.
configure:24487: $? = 1
configure: failed program was:
| /* confdefs.h */
| #define PACKAGE_NAME "isl"
| #define PACKAGE_TARNAME "isl"
| #define PACKAGE_VERSION "0.27"
| #define PACKAGE_STRING "isl 0.27"
| #define PACKAGE_BUGREPORT "isl-development@googlegroups.com"
| #define PACKAGE_URL ""
| #define PACKAGE "isl"
| #define VERSION "0.27"
| #define GCC_WARN_UNUSED_RESULT __attribute__((__warn_unused_result__))
| #define HAVE___ATTRIBUTE__ 1
| #define HAVE_CXX11 1
| #define HAVE_CXX17 1
| #define HAVE_STDIO_H 1
| #define HAVE_STDLIB_H 1
| #define HAVE_STRING_H 1
| #define HAVE_INTTYPES_H 1
| #define HAVE_STDINT_H 1
| #define HAVE_STRINGS_H 1
| #define HAVE_SYS_STAT_H 1
| #define HAVE_SYS_TYPES_H 1
| #define HAVE_UNISTD_H 1
| #define STDC_HEADERS 1
| #define LT_OBJDIR ".libs/"
| #define USE_GMP_FOR_MP /**/
| /* end confdefs.h.  */
| #include <stddef.h>
| #ifdef HAVE_STDIO_H
| # include <stdio.h>
| #endif
| #ifdef HAVE_STDLIB_H
| # include <stdlib.h>
| #endif
| #ifdef HAVE_STRING_H
| # include <string.h>
| #endif
| #ifdef HAVE_INTTYPES_H
| # include <inttypes.h>
| #endif
| #ifdef HAVE_STDINT_H
| # include <stdint.h>
| #endif
| #ifdef HAVE_STRINGS_H
| # include <strings.h>
| #endif
| #ifdef HAVE_SYS_TYPES_H
| # include <sys/types.h>
| #endif
| #ifdef HAVE_SYS_STAT_H
| # include <sys/stat.h>
| #endif
| #ifdef HAVE_UNISTD_H
| # include <unistd.h>
| #endif
| #include <gmp.h>
configure:24487: result: no
configure:24492: error: gmp.h header not found

## ---------------- ##
## Cache variables. ##
## ---------------- ##

ac_cv_build=x86_64-pc-mingw64
ac_cv_build_exeext=.exe
ac_cv_build_objext=o
ac_cv_build_prog_CPP='/d/a/GCC/GCC/isl-0.27/compile gcc -E'
ac_cv_build_prog_cc_c11=
ac_cv_build_prog_cc_g=yes
ac_cv_c_compiler_gnu=yes
ac_cv_c_undeclared_builtin_options='none needed'
ac_cv_cxx_compiler_gnu=yes
ac_cv_env_CCC_set=
ac_cv_env_CCC_value=
ac_cv_env_CC_set=
ac_cv_env_CC_value=
ac_cv_env_CFLAGS_set=
ac_cv_env_CFLAGS_value=
ac_cv_env_CPPFLAGS_set=
ac_cv_env_CPPFLAGS_value=
ac_cv_env_CPP_set=
ac_cv_env_CPP_value=
ac_cv_env_CXXCPP_set=
ac_cv_env_CXXCPP_value=
ac_cv_env_CXXFLAGS_set=
ac_cv_env_CXXFLAGS_value=
ac_cv_env_CXX_set=
ac_cv_env_CXX_value=
ac_cv_env_LDFLAGS_set=
ac_cv_env_LDFLAGS_value=
ac_cv_env_LIBS_set=
ac_cv_env_LIBS_value=
ac_cv_env_LT_SYS_LIBRARY_PATH_set=
ac_cv_env_LT_SYS_LIBRARY_PATH_value=
ac_cv_env_PYTHON_set=
ac_cv_env_PYTHON_value=
ac_cv_env_build_alias_set=
ac_cv_env_build_alias_value=
ac_cv_env_host_alias_set=
ac_cv_env_host_alias_value=
ac_cv_env_target_alias_set=
ac_cv_env_target_alias_value=
ac_cv_exeext=.exe
ac_cv_header_dlfcn_h=no
ac_cv_header_gmp_h=no
ac_cv_header_inttypes_h=yes
ac_cv_header_stdint=stdint.h
ac_cv_header_stdint_h=yes
ac_cv_header_stdint_t=stdint.h
ac_cv_header_stdio_h=yes
ac_cv_header_stdlib_h=yes
ac_cv_header_string_h=yes
ac_cv_header_strings_h=yes
ac_cv_header_sys_stat_h=yes
ac_cv_header_sys_types_h=yes
ac_cv_header_unistd_h=yes
ac_cv_host=x86_64-pc-mingw64
ac_cv_objext=o
ac_cv_path_DIFF=/usr/bin/diff
ac_cv_path_EGREP='/usr/bin/grep -E'
ac_cv_path_FGREP='/usr/bin/grep -F'
ac_cv_path_GREP=/usr/bin/grep
ac_cv_path_PYTHON=/c/hostedtoolcache/windows/Python/3.9.13/x64/python
ac_cv_path_SED=/usr/bin/sed
ac_cv_path_install='/usr/bin/install -c'
ac_cv_path_lt_DD=/usr/bin/dd
ac_cv_path_mkdir=/usr/bin/mkdir
ac_cv_prog_AWK=gawk
ac_cv_prog_CPP='gcc -E'
ac_cv_prog_CXXCPP='g++ -std=c++11 -std=gnu++17 -E'
ac_cv_prog_CYGPATH=cygpath
ac_cv_prog_PERL=perl
ac_cv_prog_ac_ct_AR=ar
ac_cv_prog_ac_ct_CC=gcc
ac_cv_prog_ac_ct_CC_FOR_BUILD=gcc
ac_cv_prog_ac_ct_CXX=g++
ac_cv_prog_ac_ct_DLLTOOL=dlltool
ac_cv_prog_ac_ct_OBJDUMP=objdump
ac_cv_prog_ac_ct_RANLIB=ranlib
ac_cv_prog_ac_ct_STRIP=strip
ac_cv_prog_cc_c11=
ac_cv_prog_cc_g=yes
ac_cv_prog_cc_stdc=
ac_cv_prog_cxx_11=no
ac_cv_prog_cxx_cxx11=
ac_cv_prog_cxx_g=yes
ac_cv_prog_cxx_stdcxx=
ac_cv_prog_make_make_set=yes
ac_cv_stdint_message='using gnu compiler gcc.exe (x86_64-posix-seh-rev2, Built by MinGW-W64 project) 12.2.0'
ac_cv_stdint_result='(assuming C99 compatible system)'
am_cv_CC_dependencies_compiler_type=gcc3
am_cv_CXX_dependencies_compiler_type=gcc3
am_cv_build_CC_dependencies_compiler_type=gcc3
am_cv_build_prog_cc_c_o=no
am_cv_make_support_nested_variables=yes
am_cv_pathless_PYTHON=python
am_cv_prog_cc_c_o=yes
am_cv_python_platform=win32
am_cv_python_pyexecdir='${PYTHON_EXEC_PREFIX}/lib/python3.9/site-packages'
am_cv_python_pythondir='${PYTHON_PREFIX}/lib/python3.9/site-packages'
am_cv_python_version=3.9
ax_cv___attribute__=yes
ax_cv_c_compiler_vendor=gnu
ax_cv_check_cflags___ffast_math=yes
ax_cv_check_cflags___fstrict_aliasing=yes
ax_cv_check_cflags___g__O2__O3__fomit_frame_pointer__malign_double__fstrict_aliasing__ffast_math__march_amdfam10=yes
ax_cv_check_cflags___malign_double=yes
ax_cv_check_cflags___march_amdfam10=yes
ax_cv_cxx_compile_cxx11__std_cpp11=yes
ax_cv_cxx_compile_cxx17=no
ax_cv_cxx_compile_cxx17__std_gnupp17=yes
ax_cv_gcc_archflag=-march=amdfam10
ax_cv_gcc_warn_unused_result=yes
ax_cv_gcc_x86_cpuid_0=d:68747541:444d4163:69746e65
ax_cv_gcc_x86_cpuid_1=a00f11:2100800:feda3203:178bfbff
lt_cv_ar_at_file=@
lt_cv_archive_cmds_need_lc=yes
lt_cv_deplibs_check_method='file_magic ^x86 archive import|^x86 DLL'
lt_cv_file_magic_cmd=func_win32_libid
lt_cv_file_magic_test_file=
lt_cv_ld_reload_flag=-r
lt_cv_nm_interface='BSD nm'
lt_cv_objdir=.libs
lt_cv_path_LD=C:/mingw64/x86_64-w64-mingw32/bin/ld.exe
lt_cv_path_LDCXX=C:/mingw64/x86_64-w64-mingw32/bin/ld.exe
lt_cv_path_NM='/c/mingw64/bin/nm -B'
lt_cv_path_mainfest_tool=no
lt_cv_prog_compiler_c_o=yes
lt_cv_prog_compiler_c_o_CXX=yes
lt_cv_prog_compiler_pic='-DDLL_EXPORT -DPIC'
lt_cv_prog_compiler_pic_CXX='-DDLL_EXPORT -DPIC'
lt_cv_prog_compiler_pic_works=yes
lt_cv_prog_compiler_pic_works_CXX=yes
lt_cv_prog_compiler_rtti_exceptions=no
lt_cv_prog_compiler_static_works=yes
lt_cv_prog_compiler_static_works_CXX=yes
lt_cv_prog_gnu_ld=yes
lt_cv_prog_gnu_ldcxx=yes
lt_cv_sharedlib_from_linklib_cmd=func_cygming_dll_for_implib
lt_cv_sys_global_symbol_pipe='sed -n -e '\''s/^.*[	 ]\([ABCDGIRSTW][ABCDGIRSTW]*\)[	 ][	 ]*\([_A-Za-z][_A-Za-z0-9]*\)\{0,1\}$/\1 \2 \2/p'\'' | sed '\''/ __gnu_lto/d'\'''
lt_cv_sys_global_symbol_to_c_name_address='sed -n -e '\''s/^: \(.*\) .*$/  {"\1", (void *) 0},/p'\'' -e '\''s/^[ABCDGIRSTW][ABCDGIRSTW]* .* \(.*\)$/  {"\1", (void *) \&\1},/p'\'''
lt_cv_sys_global_symbol_to_c_name_address_lib_prefix='sed -n -e '\''s/^: \(.*\) .*$/  {"\1", (void *) 0},/p'\'' -e '\''s/^[ABCDGIRSTW][ABCDGIRSTW]* .* \(lib.*\)$/  {"\1", (void *) \&\1},/p'\'' -e '\''s/^[ABCDGIRSTW][ABCDGIRSTW]* .* \(.*\)$/  {"lib\1", (void *) \&\1},/p'\'''
lt_cv_sys_global_symbol_to_cdecl='sed -n -e '\''s/^T .* \(.*\)$/extern int \1();/p'\'' -e '\''s/^[ABCDGIRSTW][ABCDGIRSTW]* .* \(.*\)$/extern char \1;/p'\'''
lt_cv_sys_global_symbol_to_import=
lt_cv_sys_max_cmd_len=8192
lt_cv_to_host_file_cmd=func_convert_file_msys_to_w32
lt_cv_to_tool_file_cmd=func_convert_file_msys_to_w32
lt_cv_truncate_bin='/usr/bin/dd bs=4096 count=1'

## ----------------- ##
## Output variables. ##
## ----------------- ##

ACLOCAL='${SHELL} '\''/d/a/GCC/GCC/isl-0.27/missing'\'' aclocal-1.16'
AMDEPBACKSLASH='\'
AMDEP_FALSE='#'
AMDEP_TRUE=''
AMTAR='$${TAR-tar}'
AM_BACKSLASH='\'
AM_DEFAULT_V='$(AM_DEFAULT_VERBOSITY)'
AM_DEFAULT_VERBOSITY='0'
AM_V='$(V)'
AR='ar'
AUTOCONF='${SHELL} '\''/d/a/GCC/GCC/isl-0.27/missing'\'' autoconf'
AUTOHEADER='${SHELL} '\''/d/a/GCC/GCC/isl-0.27/missing'\'' autoheader'
AUTOMAKE='${SHELL} '\''/d/a/GCC/GCC/isl-0.27/missing'\'' automake-1.16'
AWK='gawk'
BUILD_EXEEXT='.exe'
BUILD_OBJEXT='o'
CC='gcc'
CCDEPMODE='depmode=gcc3'
CCDEPMODE_FOR_BUILD='depmode=gcc3'
CC_FOR_BUILD='/d/a/GCC/GCC/isl-0.27/compile gcc'
CFLAGS='-g -O2 -O3 -fomit-frame-pointer -malign-double -fstrict-aliasing -ffast-math -march=amdfam10'
CFLAGS_FOR_BUILD='-g -O2'
CPP='gcc -E'
CPPFLAGS=' '
CPPFLAGS_FOR_BUILD=''
CPP_FOR_BUILD='/d/a/GCC/GCC/isl-0.27/compile gcc -E'
CSCOPE='cscope'
CTAGS='ctags'
CXX='g++ -std=c++11 -std=gnu++17'
CXXCPP='g++ -std=c++11 -std=gnu++17 -E'
CXXDEPMODE='depmode=gcc3'
CXXFLAGS='-g -O2'
CYGPATH='cygpath'
CYGPATH_W='cygpath -w'
DEFS=''
DEPDIR='.deps'
DIFF='/usr/bin/diff'
DIFF_OPTIONS='-u'
DLLTOOL='dlltool'
DSYMUTIL=''
DUMPBIN=''
ECHO_C=''
ECHO_N='-n'
ECHO_T=''
EGREP='/usr/bin/grep -E'
ETAGS='etags'
EXEEXT='.exe'
FGREP='/usr/bin/grep -F'
GENERATE_DOC_FALSE=''
GENERATE_DOC_TRUE='#'
GIT_HEAD=''
GIT_HEAD_ID=''
GIT_HEAD_VERSION=''
GMP_FOR_MP_FALSE=''
GMP_FOR_MP_TRUE=''
GREP='/usr/bin/grep'
HAVE_CLANG_FALSE=''
HAVE_CLANG_TRUE=''
HAVE_CXX11='1'
HAVE_CXX11_FALSE=''
HAVE_CXX11_TRUE=''
HAVE_CXX17='1'
HAVE_CXX17_FALSE=''
HAVE_CXX17_TRUE=''
HAVE_PYTHON_FALSE='#'
HAVE_PYTHON_TRUE=''
IMATH_FOR_MP_FALSE=''
IMATH_FOR_MP_TRUE=''
INSTALL_DATA='${INSTALL} -m 644'
INSTALL_PROGRAM='${INSTALL}'
INSTALL_SCRIPT='${INSTALL}'
INSTALL_STRIP_PROGRAM='$(install_sh) -c -s'
LD='C:/mingw64/x86_64-w64-mingw32/bin/ld.exe'
LDFLAGS=' '
LDFLAGS_FOR_BUILD=''
LIBOBJS=''
LIBS='-lgmp '
LIBTOOL='$(SHELL) $(top_builddir)/libtool'
LIPO=''
LN_S='cp -pR'
LTLIBOBJS=''
LT_SYS_LIBRARY_PATH=''
MAKEINFO='${SHELL} '\''/d/a/GCC/GCC/isl-0.27/missing'\'' makeinfo'
MANIFEST_TOOL=':'
MKDIR_P='/usr/bin/mkdir -p'
MP_CFLAGS=''
MP_CPPFLAGS=''
MP_LDFLAGS=''
MP_LIBS='-lgmp'
NEED_GET_MEMORY_FUNCTIONS_FALSE=''
NEED_GET_MEMORY_FUNCTIONS_TRUE=''
NM='/c/mingw64/bin/nm -B'
NMEDIT=''
OBJDUMP='objdump'
OBJEXT='o'
OS_SRCDIR='.'
OTOOL64=''
OTOOL=''
PACKAGE='isl'
PACKAGE_BUGREPORT='isl-development@googlegroups.com'
PACKAGE_NAME='isl'
PACKAGE_STRING='isl 0.27'
PACKAGE_TARNAME='isl'
PACKAGE_URL=''
PACKAGE_VERSION='0.27'
PATH_SEPARATOR=':'
PDFLATEX=''
PERL='perl'
POD2HTML=''
PRTDIAG=''
PYTHON='/c/hostedtoolcache/windows/Python/3.9.13/x64/python'
PYTHON_EXEC_PREFIX='${exec_prefix}'
PYTHON_PLATFORM='win32'
PYTHON_PREFIX='${prefix}'
PYTHON_VERSION='3.9'
RANLIB='ranlib'
SED='/usr/bin/sed'
SET_MAKE=''
SHELL='/bin/sh'
SMALL_INT_OPT_FALSE=''
SMALL_INT_OPT_TRUE=''
STRIP='strip'
VERSION='0.27'
WARNING_FLAGS=''
ac_ct_AR='ar'
ac_ct_CC='gcc'
ac_ct_CC_FOR_BUILD='gcc'
ac_ct_CXX='g++'
ac_ct_DUMPBIN=''
am__EXEEXT_FALSE=''
am__EXEEXT_TRUE=''
am__fastdepCC_FALSE='#'
am__fastdepCC_TRUE=''
am__fastdepCXX_FALSE='#'
am__fastdepCXX_TRUE=''
am__include='include'
am__isrc=''
am__leading_dot='.'
am__nodep='_no'
am__quote=''
am__tar='$${TAR-tar} chof - "$$tardir"'
am__untar='$${TAR-tar} xf -'
bindir='${exec_prefix}/bin'
build='x86_64-pc-mingw64'
build_alias=''
build_cpu='x86_64'
build_os='mingw64'
build_vendor='pc'
datadir='${datarootdir}'
datarootdir='${prefix}/share'
docdir='${datarootdir}/doc/${PACKAGE_TARNAME}'
dvidir='${docdir}'
exec_prefix='NONE'
host='x86_64-pc-mingw64'
host_alias=''
host_cpu='x86_64'
host_os='mingw64'
host_vendor='pc'
htmldir='${docdir}'
includedir='${prefix}/include'
infodir='${datarootdir}/info'
install_sh='${SHELL} /d/a/GCC/GCC/isl-0.27/install-sh'
libdir='${exec_prefix}/lib'
libexecdir='${exec_prefix}/libexec'
localedir='${datarootdir}/locale'
localstatedir='${prefix}/var'
mandir='${datarootdir}/man'
mkdir_p='$(MKDIR_P)'
oldincludedir='/usr/include'
pdfdir='${docdir}'
pkgconfig_libdir=''
pkgconfig_libfile=''
pkgpyexecdir='${pyexecdir}/isl'
pkgpythondir='${pythondir}/isl'
prefix='NONE'
program_transform_name='s,x,x,'
psdir='${docdir}'
pyexecdir='${PYTHON_EXEC_PREFIX}/lib/python3.9/site-packages'
pythondir='${PYTHON_PREFIX}/lib/python3.9/site-packages'
runstatedir='${localstatedir}/run'
sbindir='${exec_prefix}/sbin'
sharedstatedir='${prefix}/com'
subdirs=''
sysconfdir='${prefix}/etc'
target_alias=''
versioninfo='27:0:4'

## ----------- ##
## confdefs.h. ##
## ----------- ##

/* confdefs.h */
#define PACKAGE_NAME "isl"
#define PACKAGE_TARNAME "isl"
#define PACKAGE_VERSION "0.27"
#define PACKAGE_STRING "isl 0.27"
#define PACKAGE_BUGREPORT "isl-development@googlegroups.com"
#define PACKAGE_URL ""
#define PACKAGE "isl"
#define VERSION "0.27"
#define GCC_WARN_UNUSED_RESULT __attribute__((__warn_unused_result__))
#define HAVE___ATTRIBUTE__ 1
#define HAVE_CXX11 1
#define HAVE_CXX17 1
#define HAVE_STDIO_H 1
#define HAVE_STDLIB_H 1
#define HAVE_STRING_H 1
#define HAVE_INTTYPES_H 1
#define HAVE_STDINT_H 1
#define HAVE_STRINGS_H 1
#define HAVE_SYS_STAT_H 1
#define HAVE_SYS_TYPES_H 1
#define HAVE_UNISTD_H 1
#define STDC_HEADERS 1
#define LT_OBJDIR ".libs/"
#define USE_GMP_FOR_MP /**/

configure: exit 1
